# JRE version: OpenJDK Runtime Environment (17.0.6) (build 17.0.6+0-b2043.56-10027231)
# Java VM: OpenJDK 64-Bit Server VM (17.0.6+0-b2043.56-10027231, mixed mode, tiered, compressed oops, compressed class ptrs, g1 gc, windows-amd64)
GC Precious Log:
 CPUs: 4 total, 4 available
 Memory: 3499M
 Large Page Support: Disabled
 NUMA Support: Disabled
 Compressed Oops: Enabled (32-bit)
 Heap Region Size: 1M
 Heap Min Capacity: 8M
 Heap Initial Capacity: 56M
 Heap Max Capacity: 876M
 Pre-touch: Disabled
 Parallel Workers: 4
 Concurrent Workers: 1
 Concurrent Refinement Workers: 4
 Periodic GC: Disabled
Heap:
 garbage-first heap   total 91136K, used 49838K [0x00000000c9400000, 0x0000000100000000)
  region size 1024K, 2 young (2048K), 2 survivors (2048K)
 Metaspace       used 60913K, committed 61184K, reserved 1105920K
  class space    used 6904K, committed 7040K, reserved 1048576K
GC Heap History (20 events):
Event: 8.705 GC heap after
{Heap after GC invocations=16 (full 0):
 garbage-first heap   total 68608K, used 27229K [0x00000000c9400000, 0x0000000100000000)
  region size 1024K, 3 young (3072K), 3 survivors (3072K)
 Metaspace       used 46884K, committed 47168K, reserved 1097728K
  class space    used 5678K, committed 5824K, reserved 1048576K
}
Event: 9.558 GC heap before
{Heap before GC invocations=16 (full 0):
 garbage-first heap   total 68608K, used 48733K [0x00000000c9400000, 0x0000000100000000)
  region size 1024K, 25 young (25600K), 3 survivors (3072K)
 Metaspace       used 51458K, committed 51712K, reserved 1097728K
  class space    used 6182K, committed 6272K, reserved 1048576K
}
Event: 9.570 GC heap after
{Heap after GC invocations=17 (full 0):
 garbage-first heap   total 68608K, used 30322K [0x00000000c9400000, 0x0000000100000000)
  region size 1024K, 4 young (4096K), 4 survivors (4096K)
 Metaspace       used 51458K, committed 51712K, reserved 1097728K
  class space    used 6182K, committed 6272K, reserved 1048576K
}
Event: 10.273 GC heap before
{Heap before GC invocations=17 (full 0):
 garbage-first heap   total 68608K, used 51826K [0x00000000c9400000, 0x0000000100000000)
  region size 1024K, 25 young (25600K), 4 survivors (4096K)
 Metaspace       used 52384K, committed 52608K, reserved 1097728K
  class space    used 6206K, committed 6336K, reserved 1048576K
}
Event: 10.295 GC heap after
{Heap after GC invocations=18 (full 0):
 garbage-first heap   total 68608K, used 34314K [0x00000000c9400000, 0x0000000100000000)
  region size 1024K, 4 young (4096K), 4 survivors (4096K)
 Metaspace       used 52384K, committed 52608K, reserved 1097728K
  class space    used 6206K, committed 6336K, reserved 1048576K
}
Event: 10.732 GC heap before
{Heap before GC invocations=18 (full 0):
 garbage-first heap   total 68608K, used 52746K [0x00000000c9400000, 0x0000000100000000)
  region size 1024K, 22 young (22528K), 4 survivors (4096K)
 Metaspace       used 52855K, committed 53120K, reserved 1097728K
  class space    used 6231K, committed 6336K, reserved 1048576K
}
Event: 10.751 GC heap after
{Heap after GC invocations=19 (full 0):
 garbage-first heap   total 89088K, used 37675K [0x00000000c9400000, 0x0000000100000000)
  region size 1024K, 3 young (3072K), 3 survivors (3072K)
 Metaspace       used 52855K, committed 53120K, reserved 1097728K
  class space    used 6231K, committed 6336K, reserved 1048576K
}
Event: 11.039 GC heap before
{Heap before GC invocations=19 (full 0):
 garbage-first heap   total 89088K, used 66347K [0x00000000c9400000, 0x0000000100000000)
  region size 1024K, 31 young (31744K), 3 survivors (3072K)
 Metaspace       used 53070K, committed 53312K, reserved 1097728K
  class space    used 6251K, committed 6336K, reserved 1048576K
}
Event: 11.051 GC heap after
{Heap after GC invocations=20 (full 0):
 garbage-first heap   total 89088K, used 39553K [0x00000000c9400000, 0x0000000100000000)
  region size 1024K, 2 young (2048K), 2 survivors (2048K)
 Metaspace       used 53070K, committed 53312K, reserved 1097728K
  class space    used 6251K, committed 6336K, reserved 1048576K
}
Event: 11.605 GC heap before
{Heap before GC invocations=20 (full 0):
 garbage-first heap   total 89088K, used 66177K [0x00000000c9400000, 0x0000000100000000)
  region size 1024K, 28 young (28672K), 2 survivors (2048K)
 Metaspace       used 54511K, committed 54720K, reserved 1097728K
  class space    used 6441K, committed 6528K, reserved 1048576K
}
Event: 11.614 GC heap after
{Heap after GC invocations=21 (full 0):
 garbage-first heap   total 89088K, used 42302K [0x00000000c9400000, 0x0000000100000000)
  region size 1024K, 4 young (4096K), 4 survivors (4096K)
 Metaspace       used 54511K, committed 54720K, reserved 1097728K
  class space    used 6441K, committed 6528K, reserved 1048576K
}
Event: 12.443 GC heap before
{Heap before GC invocations=21 (full 0):
 garbage-first heap   total 89088K, used 68926K [0x00000000c9400000, 0x0000000100000000)
  region size 1024K, 29 young (29696K), 4 survivors (4096K)
 Metaspace       used 57003K, committed 57216K, reserved 1105920K
  class space    used 6693K, committed 6784K, reserved 1048576K
}
Event: 12.464 GC heap after
{Heap after GC invocations=22 (full 0):
 garbage-first heap   total 89088K, used 46326K [0x00000000c9400000, 0x0000000100000000)
  region size 1024K, 4 young (4096K), 4 survivors (4096K)
 Metaspace       used 57003K, committed 57216K, reserved 1105920K
  class space    used 6693K, committed 6784K, reserved 1048576K
}
Event: 13.132 GC heap before
{Heap before GC invocations=22 (full 0):
 garbage-first heap   total 89088K, used 59638K [0x00000000c9400000, 0x0000000100000000)
  region size 1024K, 18 young (18432K), 4 survivors (4096K)
 Metaspace       used 58606K, committed 58816K, reserved 1105920K
  class space    used 6825K, committed 6912K, reserved 1048576K
}
Event: 13.144 GC heap after
{Heap after GC invocations=23 (full 0):
 garbage-first heap   total 89088K, used 47758K [0x00000000c9400000, 0x0000000100000000)
  region size 1024K, 2 young (2048K), 2 survivors (2048K)
 Metaspace       used 58606K, committed 58816K, reserved 1105920K
  class space    used 6825K, committed 6912K, reserved 1048576K
}
Event: 14.347 GC heap before
{Heap before GC invocations=24 (full 0):
 garbage-first heap   total 91136K, used 71310K [0x00000000c9400000, 0x0000000100000000)
  region size 1024K, 25 young (25600K), 2 survivors (2048K)
 Metaspace       used 59707K, committed 59968K, reserved 1105920K
  class space    used 6857K, committed 6976K, reserved 1048576K
}
Event: 14.356 GC heap after
{Heap after GC invocations=25 (full 0):
 garbage-first heap   total 91136K, used 49261K [0x00000000c9400000, 0x0000000100000000)
  region size 1024K, 4 young (4096K), 4 survivors (4096K)
 Metaspace       used 59707K, committed 59968K, reserved 1105920K
  class space    used 6857K, committed 6976K, reserved 1048576K
}
Event: 14.410 GC heap before
{Heap before GC invocations=25 (full 0):
 garbage-first heap   total 91136K, used 50285K [0x00000000c9400000, 0x0000000100000000)
  region size 1024K, 5 young (5120K), 4 survivors (4096K)
 Metaspace       used 59766K, committed 60032K, reserved 1105920K
  class space    used 6857K, committed 6976K, reserved 1048576K
}
Event: 14.423 GC heap after
{Heap after GC invocations=26 (full 0):
 garbage-first heap   total 91136K, used 49132K [0x00000000c9400000, 0x0000000100000000)
  region size 1024K, 1 young (1024K), 1 survivors (1024K)
 Metaspace       used 59766K, committed 60032K, reserved 1105920K
  class space    used 6857K, committed 6976K, reserved 1048576K
}
Event: 15.355 GC heap before
{Heap before GC invocations=26 (full 0):
 garbage-first heap   total 91136K, used 72684K [0x00000000c9400000, 0x0000000100000000)
  region size 1024K, 24 young (24576K), 1 survivors (1024K)
 Metaspace       used 60913K, committed 61184K, reserved 1105920K
  class space    used 6904K, committed 7040K, reserved 1048576K
}

