# JRE version: OpenJDK Runtime Environment (17.0.6) (build 17.0.6+0-b2043.56-10027231)
# Java VM: OpenJDK 64-Bit Server VM (17.0.6+0-b2043.56-10027231, mixed mode, tiered, compressed oops, compressed class ptrs, g1 gc, windows-amd64)
GC Precious Log:
 CPUs: 4 total, 4 available
 Memory: 3499M
 Large Page Support: Disabled
 NUMA Support: Disabled
 Compressed Oops: Enabled (32-bit)
 Heap Region Size: 1M
 Heap Min Capacity: 8M
 Heap Initial Capacity: 56M
 Heap Max Capacity: 2G
 Pre-touch: Disabled
 Parallel Workers: 4
 Concurrent Workers: 1
 Concurrent Refinement Workers: 4
 Periodic GC: Disabled
Heap:
 garbage-first heap   total 340992K, used 192123K [0x0000000080000000, 0x0000000100000000)
  region size 1024K, 7 young (7168K), 7 survivors (7168K)
 Metaspace       used 110388K, committed 111296K, reserved 1146880K
  class space    used 14465K, committed 14912K, reserved 1048576K
GC Heap History (20 events):
Event: 1651.800 GC heap after
{Heap after GC invocations=60 (full 0):
 garbage-first heap   total 283648K, used 141764K [0x0000000080000000, 0x0000000100000000)
  region size 1024K, 1 young (1024K), 1 survivors (1024K)
 Metaspace       used 109892K, committed 110784K, reserved 1146880K
  class space    used 14440K, committed 14912K, reserved 1048576K
}
Event: 1837.610 GC heap before
{Heap before GC invocations=60 (full 0):
 garbage-first heap   total 283648K, used 157124K [0x0000000080000000, 0x0000000100000000)
  region size 1024K, 16 young (16384K), 1 survivors (1024K)
 Metaspace       used 109965K, committed 110848K, reserved 1146880K
  class space    used 14453K, committed 14912K, reserved 1048576K
}
Event: 1837.650 GC heap after
{Heap after GC invocations=61 (full 0):
 garbage-first heap   total 283648K, used 142336K [0x0000000080000000, 0x0000000100000000)
  region size 1024K, 1 young (1024K), 1 survivors (1024K)
 Metaspace       used 109965K, committed 110848K, reserved 1146880K
  class space    used 14453K, committed 14912K, reserved 1048576K
}
Event: 1839.771 GC heap before
{Heap before GC invocations=61 (full 0):
 garbage-first heap   total 283648K, used 166912K [0x0000000080000000, 0x0000000100000000)
  region size 1024K, 25 young (25600K), 1 survivors (1024K)
 Metaspace       used 110052K, committed 110912K, reserved 1146880K
  class space    used 14454K, committed 14912K, reserved 1048576K
}
Event: 1839.801 GC heap after
{Heap after GC invocations=62 (full 0):
 garbage-first heap   total 283648K, used 144581K [0x0000000080000000, 0x0000000100000000)
  region size 1024K, 3 young (3072K), 3 survivors (3072K)
 Metaspace       used 110052K, committed 110912K, reserved 1146880K
  class space    used 14454K, committed 14912K, reserved 1048576K
}
Event: 1841.881 GC heap before
{Heap before GC invocations=62 (full 0):
 garbage-first heap   total 283648K, used 169157K [0x0000000080000000, 0x0000000100000000)
  region size 1024K, 27 young (27648K), 3 survivors (3072K)
 Metaspace       used 110232K, committed 111104K, reserved 1146880K
  class space    used 14459K, committed 14912K, reserved 1048576K
}
Event: 1841.938 GC heap after
{Heap after GC invocations=63 (full 0):
 garbage-first heap   total 283648K, used 148822K [0x0000000080000000, 0x0000000100000000)
  region size 1024K, 4 young (4096K), 4 survivors (4096K)
 Metaspace       used 110232K, committed 111104K, reserved 1146880K
  class space    used 14459K, committed 14912K, reserved 1048576K
}
Event: 1844.075 GC heap before
{Heap before GC invocations=63 (full 0):
 garbage-first heap   total 283648K, used 170326K [0x0000000080000000, 0x0000000100000000)
  region size 1024K, 26 young (26624K), 4 survivors (4096K)
 Metaspace       used 110255K, committed 111104K, reserved 1146880K
  class space    used 14460K, committed 14912K, reserved 1048576K
}
Event: 1844.117 GC heap after
{Heap after GC invocations=64 (full 0):
 garbage-first heap   total 340992K, used 152842K [0x0000000080000000, 0x0000000100000000)
  region size 1024K, 4 young (4096K), 4 survivors (4096K)
 Metaspace       used 110255K, committed 111104K, reserved 1146880K
  class space    used 14460K, committed 14912K, reserved 1048576K
}
Event: 1845.143 GC heap before
{Heap before GC invocations=64 (full 0):
 garbage-first heap   total 340992K, used 196874K [0x0000000080000000, 0x0000000100000000)
  region size 1024K, 39 young (39936K), 4 survivors (4096K)
 Metaspace       used 110258K, committed 111104K, reserved 1146880K
  class space    used 14460K, committed 14912K, reserved 1048576K
}
Event: 1845.234 GC heap after
{Heap after GC invocations=65 (full 0):
 garbage-first heap   total 340992K, used 173056K [0x0000000080000000, 0x0000000100000000)
  region size 1024K, 5 young (5120K), 5 survivors (5120K)
 Metaspace       used 110258K, committed 111104K, reserved 1146880K
  class space    used 14460K, committed 14912K, reserved 1048576K
}
Event: 1845.538 GC heap before
{Heap before GC invocations=65 (full 0):
 garbage-first heap   total 340992K, used 184320K [0x0000000080000000, 0x0000000100000000)
  region size 1024K, 16 young (16384K), 5 survivors (5120K)
 Metaspace       used 110268K, committed 111168K, reserved 1146880K
  class space    used 14460K, committed 14912K, reserved 1048576K
}
Event: 1845.556 GC heap after
{Heap after GC invocations=66 (full 0):
 garbage-first heap   total 340992K, used 175801K [0x0000000080000000, 0x0000000100000000)
  region size 1024K, 2 young (2048K), 2 survivors (2048K)
 Metaspace       used 110268K, committed 111168K, reserved 1146880K
  class space    used 14460K, committed 14912K, reserved 1048576K
}
Event: 1846.180 GC heap before
{Heap before GC invocations=66 (full 0):
 garbage-first heap   total 340992K, used 200377K [0x0000000080000000, 0x0000000100000000)
  region size 1024K, 19 young (19456K), 2 survivors (2048K)
 Metaspace       used 110293K, committed 111232K, reserved 1146880K
  class space    used 14460K, committed 14912K, reserved 1048576K
}
Event: 1846.215 GC heap after
{Heap after GC invocations=67 (full 0):
 garbage-first heap   total 340992K, used 179904K [0x0000000080000000, 0x0000000100000000)
  region size 1024K, 3 young (3072K), 3 survivors (3072K)
 Metaspace       used 110293K, committed 111232K, reserved 1146880K
  class space    used 14460K, committed 14912K, reserved 1048576K
}
Event: 1847.095 GC heap before
{Heap before GC invocations=67 (full 0):
 garbage-first heap   total 340992K, used 193216K [0x0000000080000000, 0x0000000100000000)
  region size 1024K, 16 young (16384K), 3 survivors (3072K)
 Metaspace       used 110326K, committed 111232K, reserved 1146880K
  class space    used 14460K, committed 14912K, reserved 1048576K
}
Event: 1847.115 GC heap after
{Heap after GC invocations=68 (full 0):
 garbage-first heap   total 340992K, used 181373K [0x0000000080000000, 0x0000000100000000)
  region size 1024K, 2 young (2048K), 2 survivors (2048K)
 Metaspace       used 110326K, committed 111232K, reserved 1146880K
  class space    used 14460K, committed 14912K, reserved 1048576K
}
Event: 1847.609 GC heap before
{Heap before GC invocations=68 (full 0):
 garbage-first heap   total 340992K, used 232573K [0x0000000080000000, 0x0000000100000000)
  region size 1024K, 36 young (36864K), 2 survivors (2048K)
 Metaspace       used 110334K, committed 111232K, reserved 1146880K
  class space    used 14461K, committed 14912K, reserved 1048576K
}
Event: 1847.623 GC heap after
{Heap after GC invocations=69 (full 0):
 garbage-first heap   total 340992K, used 185797K [0x0000000080000000, 0x0000000100000000)
  region size 1024K, 5 young (5120K), 5 survivors (5120K)
 Metaspace       used 110334K, committed 111232K, reserved 1146880K
  class space    used 14461K, committed 14912K, reserved 1048576K
}
Event: 1848.186 GC heap before
{Heap before GC invocations=69 (full 0):
 garbage-first heap   total 340992K, used 241093K [0x0000000080000000, 0x0000000100000000)
  region size 1024K, 59 young (60416K), 5 survivors (5120K)
 Metaspace       used 110388K, committed 111296K, reserved 1146880K
  class space    used 14465K, committed 14912K, reserved 1048576K
}

