# JRE version: OpenJDK Runtime Environment (17.0.6) (build 17.0.6+0-b2043.56-10027231)
# Java VM: OpenJDK 64-Bit Server VM (17.0.6+0-b2043.56-10027231, mixed mode, tiered, compressed oops, compressed class ptrs, g1 gc, windows-amd64)
GC Precious Log:
 CPUs: 4 total, 4 available
 Memory: 3499M
 Large Page Support: Disabled
 NUMA Support: Disabled
 Compressed Oops: Enabled (32-bit)
 Heap Region Size: 1M
 Heap Min Capacity: 8M
 Heap Initial Capacity: 56M
 Heap Max Capacity: 2G
 Pre-touch: Disabled
 Parallel Workers: 4
 Concurrent Workers: 1
 Concurrent Refinement Workers: 4
 Periodic GC: Disabled
Heap:
 garbage-first heap   total 485376K, used 233422K [0x0000000080000000, 0x0000000100000000)
  region size 1024K, 74 young (75776K), 28 survivors (28672K)
 Metaspace       used 113672K, committed 114560K, reserved 1155072K
  class space    used 15202K, committed 15616K, reserved 1048576K
GC Heap History (20 events):
Event: 16.478 GC heap before
{Heap before GC invocations=29 (full 0):
 garbage-first heap   total 225280K, used 185536K [0x0000000080000000, 0x0000000100000000)
  region size 1024K, 91 young (93184K), 1 survivors (1024K)
 Metaspace       used 72423K, committed 73152K, reserved 1114112K
  class space    used 9634K, committed 9984K, reserved 1048576K
}
Event: 16.493 GC heap after
{Heap after GC invocations=30 (full 0):
 garbage-first heap   total 225280K, used 103323K [0x0000000080000000, 0x0000000100000000)
  region size 1024K, 12 young (12288K), 12 survivors (12288K)
 Metaspace       used 72423K, committed 73152K, reserved 1114112K
  class space    used 9634K, committed 9984K, reserved 1048576K
}
Event: 17.901 GC heap before
{Heap before GC invocations=30 (full 0):
 garbage-first heap   total 225280K, used 176027K [0x0000000080000000, 0x0000000100000000)
  region size 1024K, 83 young (84992K), 12 survivors (12288K)
 Metaspace       used 80356K, committed 81024K, reserved 1122304K
  class space    used 10715K, committed 11008K, reserved 1048576K
}
Event: 17.919 GC heap after
{Heap after GC invocations=31 (full 0):
 garbage-first heap   total 225280K, used 102212K [0x0000000080000000, 0x0000000100000000)
  region size 1024K, 5 young (5120K), 5 survivors (5120K)
 Metaspace       used 80356K, committed 81024K, reserved 1122304K
  class space    used 10715K, committed 11008K, reserved 1048576K
}
Event: 19.249 GC heap before
{Heap before GC invocations=31 (full 0):
 garbage-first heap   total 225280K, used 173892K [0x0000000080000000, 0x0000000100000000)
  region size 1024K, 75 young (76800K), 5 survivors (5120K)
 Metaspace       used 86313K, committed 86976K, reserved 1130496K
  class space    used 11515K, committed 11840K, reserved 1048576K
}
Event: 19.266 GC heap after
{Heap after GC invocations=32 (full 0):
 garbage-first heap   total 225280K, used 108266K [0x0000000080000000, 0x0000000100000000)
  region size 1024K, 10 young (10240K), 10 survivors (10240K)
 Metaspace       used 86313K, committed 86976K, reserved 1130496K
  class space    used 11515K, committed 11840K, reserved 1048576K
}
Event: 21.006 GC heap before
{Heap before GC invocations=33 (full 0):
 garbage-first heap   total 225280K, used 202474K [0x0000000080000000, 0x0000000100000000)
  region size 1024K, 81 young (82944K), 10 survivors (10240K)
 Metaspace       used 94110K, committed 94912K, reserved 1138688K
  class space    used 12832K, committed 13184K, reserved 1048576K
}
Event: 21.037 GC heap after
{Heap after GC invocations=34 (full 0):
 garbage-first heap   total 225280K, used 138763K [0x0000000080000000, 0x0000000100000000)
  region size 1024K, 9 young (9216K), 9 survivors (9216K)
 Metaspace       used 94110K, committed 94912K, reserved 1138688K
  class space    used 12832K, committed 13184K, reserved 1048576K
}
Event: 21.140 GC heap before
{Heap before GC invocations=34 (full 0):
 garbage-first heap   total 225280K, used 140811K [0x0000000080000000, 0x0000000100000000)
  region size 1024K, 11 young (11264K), 9 survivors (9216K)
 Metaspace       used 94440K, committed 95168K, reserved 1138688K
  class space    used 12888K, committed 13184K, reserved 1048576K
}
Event: 21.149 GC heap after
{Heap after GC invocations=35 (full 0):
 garbage-first heap   total 225280K, used 139941K [0x0000000080000000, 0x0000000100000000)
  region size 1024K, 1 young (1024K), 1 survivors (1024K)
 Metaspace       used 94440K, committed 95168K, reserved 1138688K
  class space    used 12888K, committed 13184K, reserved 1048576K
}
Event: 22.049 GC heap before
{Heap before GC invocations=35 (full 0):
 garbage-first heap   total 225280K, used 186021K [0x0000000080000000, 0x0000000100000000)
  region size 1024K, 46 young (47104K), 1 survivors (1024K)
 Metaspace       used 97657K, committed 98368K, reserved 1138688K
  class space    used 13374K, committed 13696K, reserved 1048576K
}
Event: 22.060 GC heap after
{Heap after GC invocations=36 (full 0):
 garbage-first heap   total 225280K, used 142974K [0x0000000080000000, 0x0000000100000000)
  region size 1024K, 4 young (4096K), 4 survivors (4096K)
 Metaspace       used 97657K, committed 98368K, reserved 1138688K
  class space    used 13374K, committed 13696K, reserved 1048576K
}
Event: 22.522 GC heap before
{Heap before GC invocations=37 (full 0):
 garbage-first heap   total 252928K, used 189054K [0x0000000080000000, 0x0000000100000000)
  region size 1024K, 45 young (46080K), 4 survivors (4096K)
 Metaspace       used 98469K, committed 99200K, reserved 1138688K
  class space    used 13479K, committed 13824K, reserved 1048576K
}
Event: 22.543 GC heap after
{Heap after GC invocations=38 (full 0):
 garbage-first heap   total 252928K, used 157030K [0x0000000080000000, 0x0000000100000000)
  region size 1024K, 6 young (6144K), 6 survivors (6144K)
 Metaspace       used 98469K, committed 99200K, reserved 1138688K
  class space    used 13479K, committed 13824K, reserved 1048576K
}
Event: 22.570 GC heap before
{Heap before GC invocations=38 (full 0):
 garbage-first heap   total 252928K, used 163174K [0x0000000080000000, 0x0000000100000000)
  region size 1024K, 12 young (12288K), 6 survivors (6144K)
 Metaspace       used 98470K, committed 99200K, reserved 1138688K
  class space    used 13480K, committed 13824K, reserved 1048576K
}
Event: 22.590 GC heap after
{Heap after GC invocations=39 (full 0):
 garbage-first heap   total 485376K, used 159096K [0x0000000080000000, 0x0000000100000000)
  region size 1024K, 2 young (2048K), 2 survivors (2048K)
 Metaspace       used 98470K, committed 99200K, reserved 1138688K
  class space    used 13480K, committed 13824K, reserved 1048576K
}
Event: 29.224 GC heap before
{Heap before GC invocations=39 (full 0):
 garbage-first heap   total 485376K, used 371064K [0x0000000080000000, 0x0000000100000000)
  region size 1024K, 209 young (214016K), 2 survivors (2048K)
 Metaspace       used 98501K, committed 99264K, reserved 1138688K
  class space    used 13481K, committed 13824K, reserved 1048576K
}
Event: 29.281 GC heap after
{Heap after GC invocations=40 (full 0):
 garbage-first heap   total 485376K, used 171696K [0x0000000080000000, 0x0000000100000000)
  region size 1024K, 15 young (15360K), 15 survivors (15360K)
 Metaspace       used 98501K, committed 99264K, reserved 1138688K
  class space    used 13481K, committed 13824K, reserved 1048576K
}
Event: 39.833 GC heap before
{Heap before GC invocations=40 (full 0):
 garbage-first heap   total 485376K, used 395952K [0x0000000080000000, 0x0000000100000000)
  region size 1024K, 217 young (222208K), 15 survivors (15360K)
 Metaspace       used 112874K, committed 113728K, reserved 1155072K
  class space    used 15103K, committed 15488K, reserved 1048576K
}
Event: 39.974 GC heap after
{Heap after GC invocations=41 (full 0):
 garbage-first heap   total 485376K, used 188366K [0x0000000080000000, 0x0000000100000000)
  region size 1024K, 28 young (28672K), 28 survivors (28672K)
 Metaspace       used 112874K, committed 113728K, reserved 1155072K
  class space    used 15103K, committed 15488K, reserved 1048576K
}

