# JRE version: OpenJDK Runtime Environment (17.0.6) (build 17.0.6+0-b2043.56-10027231)
# Java VM: OpenJDK 64-Bit Server VM (17.0.6+0-b2043.56-10027231, mixed mode, tiered, compressed oops, compressed class ptrs, g1 gc, windows-amd64)
GC Precious Log:
 CPUs: 4 total, 4 available
 Memory: 3499M
 Large Page Support: Disabled
 NUMA Support: Disabled
 Compressed Oops: Enabled (32-bit)
 Heap Region Size: 1M
 Heap Min Capacity: 8M
 Heap Initial Capacity: 56M
 Heap Max Capacity: 2G
 Pre-touch: Disabled
 Parallel Workers: 4
 Concurrent Workers: 1
 Concurrent Refinement Workers: 4
 Periodic GC: Disabled
Heap:
 garbage-first heap   total 179200K, used 109697K [0x0000000080000000, 0x0000000100000000)
  region size 1024K, 5 young (5120K), 5 survivors (5120K)
 Metaspace       used 88982K, committed 89536K, reserved 1130496K
  class space    used 11787K, committed 12032K, reserved 1048576K
GC Heap History (20 events):
Event: 8.367 GC heap after
{Heap after GC invocations=29 (full 0):
 garbage-first heap   total 144384K, used 71249K [0x0000000080000000, 0x0000000100000000)
  region size 1024K, 5 young (5120K), 5 survivors (5120K)
 Metaspace       used 56726K, committed 57216K, reserved 1105920K
  class space    used 7530K, committed 7744K, reserved 1048576K
}
Event: 8.706 GC heap before
{Heap before GC invocations=29 (full 0):
 garbage-first heap   total 144384K, used 87633K [0x0000000080000000, 0x0000000100000000)
  region size 1024K, 22 young (22528K), 5 survivors (5120K)
 Metaspace       used 59542K, committed 60096K, reserved 1105920K
  class space    used 7875K, committed 8128K, reserved 1048576K
}
Event: 8.712 GC heap after
{Heap after GC invocations=30 (full 0):
 garbage-first heap   total 144384K, used 71740K [0x0000000080000000, 0x0000000100000000)
  region size 1024K, 4 young (4096K), 4 survivors (4096K)
 Metaspace       used 59542K, committed 60096K, reserved 1105920K
  class space    used 7875K, committed 8128K, reserved 1048576K
}
Event: 9.677 GC heap before
{Heap before GC invocations=31 (full 0):
 garbage-first heap   total 144384K, used 121916K [0x0000000080000000, 0x0000000100000000)
  region size 1024K, 49 young (50176K), 4 survivors (4096K)
 Metaspace       used 67961K, committed 68544K, reserved 1114112K
  class space    used 9419K, committed 9664K, reserved 1048576K
}
Event: 9.684 GC heap after
{Heap after GC invocations=32 (full 0):
 garbage-first heap   total 144384K, used 77051K [0x0000000080000000, 0x0000000100000000)
  region size 1024K, 5 young (5120K), 5 survivors (5120K)
 Metaspace       used 67961K, committed 68544K, reserved 1114112K
  class space    used 9419K, committed 9664K, reserved 1048576K
}
Event: 9.703 GC heap before
{Heap before GC invocations=32 (full 0):
 garbage-first heap   total 144384K, used 77051K [0x0000000080000000, 0x0000000100000000)
  region size 1024K, 6 young (6144K), 5 survivors (5120K)
 Metaspace       used 68168K, committed 68800K, reserved 1114112K
  class space    used 9441K, committed 9728K, reserved 1048576K
}
Event: 9.711 GC heap after
{Heap after GC invocations=33 (full 0):
 garbage-first heap   total 144384K, used 77162K [0x0000000080000000, 0x0000000100000000)
  region size 1024K, 2 young (2048K), 2 survivors (2048K)
 Metaspace       used 68168K, committed 68800K, reserved 1114112K
  class space    used 9441K, committed 9728K, reserved 1048576K
}
Event: 10.131 GC heap before
{Heap before GC invocations=34 (full 0):
 garbage-first heap   total 152576K, used 126314K [0x0000000080000000, 0x0000000100000000)
  region size 1024K, 44 young (45056K), 2 survivors (2048K)
 Metaspace       used 68955K, committed 69568K, reserved 1114112K
  class space    used 9529K, committed 9792K, reserved 1048576K
}
Event: 10.151 GC heap after
{Heap after GC invocations=35 (full 0):
 garbage-first heap   total 152576K, used 86554K [0x0000000080000000, 0x0000000100000000)
  region size 1024K, 6 young (6144K), 6 survivors (6144K)
 Metaspace       used 68955K, committed 69568K, reserved 1114112K
  class space    used 9529K, committed 9792K, reserved 1048576K
}
Event: 10.588 GC heap before
{Heap before GC invocations=35 (full 0):
 garbage-first heap   total 152576K, used 112154K [0x0000000080000000, 0x0000000100000000)
  region size 1024K, 32 young (32768K), 6 survivors (6144K)
 Metaspace       used 72568K, committed 73216K, reserved 1114112K
  class space    used 9958K, committed 10240K, reserved 1048576K
}
Event: 10.603 GC heap after
{Heap after GC invocations=36 (full 0):
 garbage-first heap   total 152576K, used 89328K [0x0000000080000000, 0x0000000100000000)
  region size 1024K, 3 young (3072K), 3 survivors (3072K)
 Metaspace       used 72568K, committed 73216K, reserved 1114112K
  class space    used 9958K, committed 10240K, reserved 1048576K
}
Event: 11.202 GC heap before
{Heap before GC invocations=37 (full 0):
 garbage-first heap   total 165888K, used 131312K [0x0000000080000000, 0x0000000100000000)
  region size 1024K, 38 young (38912K), 3 survivors (3072K)
 Metaspace       used 77224K, committed 77824K, reserved 1122304K
  class space    used 10393K, committed 10688K, reserved 1048576K
}
Event: 11.210 GC heap after
{Heap after GC invocations=38 (full 0):
 garbage-first heap   total 165888K, used 99095K [0x0000000080000000, 0x0000000100000000)
  region size 1024K, 5 young (5120K), 5 survivors (5120K)
 Metaspace       used 77224K, committed 77824K, reserved 1122304K
  class space    used 10393K, committed 10688K, reserved 1048576K
}
Event: 11.867 GC heap before
{Heap before GC invocations=38 (full 0):
 garbage-first heap   total 165888K, used 135959K [0x0000000080000000, 0x0000000100000000)
  region size 1024K, 41 young (41984K), 5 survivors (5120K)
 Metaspace       used 82483K, committed 83072K, reserved 1122304K
  class space    used 11002K, committed 11264K, reserved 1048576K
}
Event: 11.875 GC heap after
{Heap after GC invocations=39 (full 0):
 garbage-first heap   total 165888K, used 101246K [0x0000000080000000, 0x0000000100000000)
  region size 1024K, 3 young (3072K), 3 survivors (3072K)
 Metaspace       used 82483K, committed 83072K, reserved 1122304K
  class space    used 11002K, committed 11264K, reserved 1048576K
}
Event: 12.482 GC heap before
{Heap before GC invocations=40 (full 0):
 garbage-first heap   total 179200K, used 138110K [0x0000000080000000, 0x0000000100000000)
  region size 1024K, 38 young (38912K), 3 survivors (3072K)
 Metaspace       used 86617K, committed 87232K, reserved 1130496K
  class space    used 11522K, committed 11776K, reserved 1048576K
}
Event: 12.490 GC heap after
{Heap after GC invocations=41 (full 0):
 garbage-first heap   total 179200K, used 104929K [0x0000000080000000, 0x0000000100000000)
  region size 1024K, 5 young (5120K), 5 survivors (5120K)
 Metaspace       used 86617K, committed 87232K, reserved 1130496K
  class space    used 11522K, committed 11776K, reserved 1048576K
}
Event: 12.496 GC heap before
{Heap before GC invocations=41 (full 0):
 garbage-first heap   total 179200K, used 108001K [0x0000000080000000, 0x0000000100000000)
  region size 1024K, 8 young (8192K), 5 survivors (5120K)
 Metaspace       used 86627K, committed 87232K, reserved 1130496K
  class space    used 11522K, committed 11776K, reserved 1048576K
}
Event: 12.505 GC heap after
{Heap after GC invocations=42 (full 0):
 garbage-first heap   total 179200K, used 105737K [0x0000000080000000, 0x0000000100000000)
  region size 1024K, 1 young (1024K), 1 survivors (1024K)
 Metaspace       used 86627K, committed 87232K, reserved 1130496K
  class space    used 11522K, committed 11776K, reserved 1048576K
}
Event: 13.044 GC heap before
{Heap before GC invocations=42 (full 0):
 garbage-first heap   total 179200K, used 145673K [0x0000000080000000, 0x0000000100000000)
  region size 1024K, 40 young (40960K), 1 survivors (1024K)
 Metaspace       used 88982K, committed 89536K, reserved 1130496K
  class space    used 11787K, committed 12032K, reserved 1048576K
}

