# JRE version: OpenJDK Runtime Environment (17.0.6) (build 17.0.6+0-b2043.56-10027231)
# Java VM: OpenJDK 64-Bit Server VM (17.0.6+0-b2043.56-10027231, mixed mode, tiered, compressed oops, compressed class ptrs, g1 gc, windows-amd64)
GC Precious Log:
 CPUs: 4 total, 4 available
 Memory: 3499M
 Large Page Support: Disabled
 NUMA Support: Disabled
 Compressed Oops: Enabled (32-bit)
 Heap Region Size: 1M
 Heap Min Capacity: 8M
 Heap Initial Capacity: 56M
 Heap Max Capacity: 2G
 Pre-touch: Disabled
 Parallel Workers: 4
 Concurrent Workers: 1
 Concurrent Refinement Workers: 4
 Periodic GC: Disabled
Heap:
 garbage-first heap   total 181248K, used 106734K [0x0000000080000000, 0x0000000100000000)
  region size 1024K, 4 young (4096K), 4 survivors (4096K)
 Metaspace       used 89201K, committed 89856K, reserved 1130496K
  class space    used 11790K, committed 12096K, reserved 1048576K
GC Heap History (20 events):
Event: 14.624 GC heap after
{Heap after GC invocations=31 (full 0):
 garbage-first heap   total 124928K, used 72093K [0x0000000080000000, 0x0000000100000000)
  region size 1024K, 3 young (3072K), 3 survivors (3072K)
 Metaspace       used 58658K, committed 59200K, reserved 1105920K
  class space    used 7757K, committed 8000K, reserved 1048576K
}
Event: 14.763 GC heap before
{Heap before GC invocations=32 (full 0):
 garbage-first heap   total 128000K, used 76189K [0x0000000080000000, 0x0000000100000000)
  region size 1024K, 8 young (8192K), 3 survivors (3072K)
 Metaspace       used 59565K, committed 60224K, reserved 1105920K
  class space    used 7875K, committed 8192K, reserved 1048576K
}
Event: 14.767 GC heap after
{Heap after GC invocations=33 (full 0):
 garbage-first heap   total 128000K, used 72184K [0x0000000080000000, 0x0000000100000000)
  region size 1024K, 3 young (3072K), 3 survivors (3072K)
 Metaspace       used 59565K, committed 60224K, reserved 1105920K
  class space    used 7875K, committed 8192K, reserved 1048576K
}
Event: 15.499 GC heap before
{Heap before GC invocations=34 (full 0):
 garbage-first heap   total 135168K, used 108024K [0x0000000080000000, 0x0000000100000000)
  region size 1024K, 34 young (34816K), 3 survivors (3072K)
 Metaspace       used 65204K, committed 65856K, reserved 1105920K
  class space    used 8859K, committed 9152K, reserved 1048576K
}
Event: 15.504 GC heap after
{Heap after GC invocations=35 (full 0):
 garbage-first heap   total 135168K, used 77095K [0x0000000080000000, 0x0000000100000000)
  region size 1024K, 3 young (3072K), 3 survivors (3072K)
 Metaspace       used 65204K, committed 65856K, reserved 1105920K
  class space    used 8859K, committed 9152K, reserved 1048576K
}
Event: 15.764 GC heap before
{Heap before GC invocations=35 (full 0):
 garbage-first heap   total 135168K, used 91431K [0x0000000080000000, 0x0000000100000000)
  region size 1024K, 18 young (18432K), 3 survivors (3072K)
 Metaspace       used 68232K, committed 68864K, reserved 1114112K
  class space    used 9440K, committed 9728K, reserved 1048576K
}
Event: 15.771 GC heap after
{Heap after GC invocations=36 (full 0):
 garbage-first heap   total 162816K, used 77723K [0x0000000080000000, 0x0000000100000000)
  region size 1024K, 3 young (3072K), 3 survivors (3072K)
 Metaspace       used 68232K, committed 68864K, reserved 1114112K
  class space    used 9440K, committed 9728K, reserved 1048576K
}
Event: 16.724 GC heap before
{Heap before GC invocations=37 (full 0):
 garbage-first heap   total 162816K, used 144283K [0x0000000080000000, 0x0000000100000000)
  region size 1024K, 62 young (63488K), 3 survivors (3072K)
 Metaspace       used 71706K, committed 72256K, reserved 1114112K
  class space    used 9846K, committed 10112K, reserved 1048576K
}
Event: 16.746 GC heap after
{Heap after GC invocations=38 (full 0):
 garbage-first heap   total 162816K, used 88064K [0x0000000080000000, 0x0000000100000000)
  region size 1024K, 8 young (8192K), 8 survivors (8192K)
 Metaspace       used 71706K, committed 72256K, reserved 1114112K
  class space    used 9846K, committed 10112K, reserved 1048576K
}
Event: 16.928 GC heap before
{Heap before GC invocations=38 (full 0):
 garbage-first heap   total 162816K, used 96256K [0x0000000080000000, 0x0000000100000000)
  region size 1024K, 17 young (17408K), 8 survivors (8192K)
 Metaspace       used 72663K, committed 73216K, reserved 1114112K
  class space    used 9964K, committed 10240K, reserved 1048576K
}
Event: 16.940 GC heap after
{Heap after GC invocations=39 (full 0):
 garbage-first heap   total 162816K, used 90079K [0x0000000080000000, 0x0000000100000000)
  region size 1024K, 2 young (2048K), 2 survivors (2048K)
 Metaspace       used 72663K, committed 73216K, reserved 1114112K
  class space    used 9964K, committed 10240K, reserved 1048576K
}
Event: 17.553 GC heap before
{Heap before GC invocations=40 (full 0):
 garbage-first heap   total 171008K, used 136159K [0x0000000080000000, 0x0000000100000000)
  region size 1024K, 41 young (41984K), 2 survivors (2048K)
 Metaspace       used 77986K, committed 78592K, reserved 1122304K
  class space    used 10457K, committed 10752K, reserved 1048576K
}
Event: 17.559 GC heap after
{Heap after GC invocations=41 (full 0):
 garbage-first heap   total 171008K, used 99539K [0x0000000080000000, 0x0000000100000000)
  region size 1024K, 5 young (5120K), 5 survivors (5120K)
 Metaspace       used 77986K, committed 78592K, reserved 1122304K
  class space    used 10457K, committed 10752K, reserved 1048576K
}
Event: 18.297 GC heap before
{Heap before GC invocations=41 (full 0):
 garbage-first heap   total 171008K, used 138451K [0x0000000080000000, 0x0000000100000000)
  region size 1024K, 43 young (44032K), 5 survivors (5120K)
 Metaspace       used 83141K, committed 83776K, reserved 1122304K
  class space    used 11053K, committed 11328K, reserved 1048576K
}
Event: 18.306 GC heap after
{Heap after GC invocations=42 (full 0):
 garbage-first heap   total 171008K, used 101701K [0x0000000080000000, 0x0000000100000000)
  region size 1024K, 3 young (3072K), 3 survivors (3072K)
 Metaspace       used 83141K, committed 83776K, reserved 1122304K
  class space    used 11053K, committed 11328K, reserved 1048576K
}
Event: 18.834 GC heap before
{Heap before GC invocations=43 (full 0):
 garbage-first heap   total 181248K, used 141637K [0x0000000080000000, 0x0000000100000000)
  region size 1024K, 41 young (41984K), 3 survivors (3072K)
 Metaspace       used 86768K, committed 87360K, reserved 1130496K
  class space    used 11525K, committed 11776K, reserved 1048576K
}
Event: 18.841 GC heap after
{Heap after GC invocations=44 (full 0):
 garbage-first heap   total 181248K, used 103928K [0x0000000080000000, 0x0000000100000000)
  region size 1024K, 5 young (5120K), 5 survivors (5120K)
 Metaspace       used 86768K, committed 87360K, reserved 1130496K
  class space    used 11525K, committed 11776K, reserved 1048576K
}
Event: 18.852 GC heap before
{Heap before GC invocations=44 (full 0):
 garbage-first heap   total 181248K, used 107000K [0x0000000080000000, 0x0000000100000000)
  region size 1024K, 8 young (8192K), 5 survivors (5120K)
 Metaspace       used 86769K, committed 87360K, reserved 1130496K
  class space    used 11525K, committed 11776K, reserved 1048576K
}
Event: 18.858 GC heap after
{Heap after GC invocations=45 (full 0):
 garbage-first heap   total 181248K, used 103525K [0x0000000080000000, 0x0000000100000000)
  region size 1024K, 1 young (1024K), 1 survivors (1024K)
 Metaspace       used 86769K, committed 87360K, reserved 1130496K
  class space    used 11525K, committed 11776K, reserved 1048576K
}
Event: 19.542 GC heap before
{Heap before GC invocations=45 (full 0):
 garbage-first heap   total 181248K, used 147557K [0x0000000080000000, 0x0000000100000000)
  region size 1024K, 44 young (45056K), 1 survivors (1024K)
 Metaspace       used 89201K, committed 89856K, reserved 1130496K
  class space    used 11790K, committed 12096K, reserved 1048576K
}

