# JRE version: OpenJDK Runtime Environment (17.0.6) (build 17.0.6+0-b2043.56-10027231)
# Java VM: OpenJDK 64-Bit Server VM (17.0.6+0-b2043.56-10027231, mixed mode, tiered, compressed oops, compressed class ptrs, g1 gc, windows-amd64)
GC Precious Log:
 CPUs: 4 total, 4 available
 Memory: 3499M
 Large Page Support: Disabled
 NUMA Support: Disabled
 Compressed Oops: Enabled (32-bit)
 Heap Region Size: 1M
 Heap Min Capacity: 8M
 Heap Initial Capacity: 56M
 Heap Max Capacity: 2G
 Pre-touch: Disabled
 Parallel Workers: 4
 Concurrent Workers: 1
 Concurrent Refinement Workers: 4
 Periodic GC: Disabled
Heap:
 garbage-first heap   total 391168K, used 236378K [0x0000000080000000, 0x0000000100000000)
  region size 1024K, 6 young (6144K), 6 survivors (6144K)
 Metaspace       used 129442K, committed 130368K, reserved 1163264K
  class space    used 17055K, committed 17536K, reserved 1048576K
GC Heap History (20 events):
Event: 53.138 GC heap after
{Heap after GC invocations=52 (full 0):
 garbage-first heap   total 324608K, used 191852K [0x0000000080000000, 0x0000000100000000)
  region size 1024K, 10 young (10240K), 10 survivors (10240K)
 Metaspace       used 113831K, committed 114688K, reserved 1155072K
  class space    used 15229K, committed 15616K, reserved 1048576K
}
Event: 78.824 GC heap before
{Heap before GC invocations=53 (full 0):
 garbage-first heap   total 353280K, used 261484K [0x0000000080000000, 0x0000000100000000)
  region size 1024K, 78 young (79872K), 10 survivors (10240K)
 Metaspace       used 118198K, committed 119168K, reserved 1155072K
  class space    used 15793K, committed 16256K, reserved 1048576K
}
Event: 78.888 GC heap after
{Heap after GC invocations=54 (full 0):
 garbage-first heap   total 353280K, used 196770K [0x0000000080000000, 0x0000000100000000)
  region size 1024K, 10 young (10240K), 10 survivors (10240K)
 Metaspace       used 118198K, committed 119168K, reserved 1155072K
  class space    used 15793K, committed 16256K, reserved 1048576K
}
Event: 79.297 GC heap before
{Heap before GC invocations=54 (full 0):
 garbage-first heap   total 353280K, used 203938K [0x0000000080000000, 0x0000000100000000)
  region size 1024K, 17 young (17408K), 10 survivors (10240K)
 Metaspace       used 118608K, committed 119616K, reserved 1155072K
  class space    used 15832K, committed 16320K, reserved 1048576K
}
Event: 79.323 GC heap after
{Heap after GC invocations=55 (full 0):
 garbage-first heap   total 353280K, used 196705K [0x0000000080000000, 0x0000000100000000)
  region size 1024K, 2 young (2048K), 2 survivors (2048K)
 Metaspace       used 118608K, committed 119616K, reserved 1155072K
  class space    used 15832K, committed 16320K, reserved 1048576K
}
Event: 2385.857 GC heap before
{Heap before GC invocations=55 (full 0):
 garbage-first heap   total 353280K, used 284769K [0x0000000080000000, 0x0000000100000000)
  region size 1024K, 88 young (90112K), 2 survivors (2048K)
 Metaspace       used 121407K, committed 122496K, reserved 1155072K
  class space    used 16182K, committed 16704K, reserved 1048576K
}
Event: 2386.117 GC heap after
{Heap after GC invocations=56 (full 0):
 garbage-first heap   total 353280K, used 198851K [0x0000000080000000, 0x0000000100000000)
  region size 1024K, 4 young (4096K), 4 survivors (4096K)
 Metaspace       used 121407K, committed 122496K, reserved 1155072K
  class space    used 16182K, committed 16704K, reserved 1048576K
}
Event: 2624.692 GC heap before
{Heap before GC invocations=56 (full 0):
 garbage-first heap   total 353280K, used 259267K [0x0000000080000000, 0x0000000100000000)
  region size 1024K, 64 young (65536K), 4 survivors (4096K)
 Metaspace       used 122172K, committed 123264K, reserved 1163264K
  class space    used 16265K, committed 16832K, reserved 1048576K
}
Event: 2624.753 GC heap after
{Heap after GC invocations=57 (full 0):
 garbage-first heap   total 353280K, used 203421K [0x0000000080000000, 0x0000000100000000)
  region size 1024K, 8 young (8192K), 8 survivors (8192K)
 Metaspace       used 122172K, committed 123264K, reserved 1163264K
  class space    used 16265K, committed 16832K, reserved 1048576K
}
Event: 2627.240 GC heap before
{Heap before GC invocations=58 (full 0):
 garbage-first heap   total 391168K, used 253597K [0x0000000080000000, 0x0000000100000000)
  region size 1024K, 57 young (58368K), 8 survivors (8192K)
 Metaspace       used 122713K, committed 124160K, reserved 1163264K
  class space    used 16242K, committed 16832K, reserved 1048576K
}
Event: 2627.295 GC heap after
{Heap after GC invocations=59 (full 0):
 garbage-first heap   total 391168K, used 209079K [0x0000000080000000, 0x0000000100000000)
  region size 1024K, 7 young (7168K), 7 survivors (7168K)
 Metaspace       used 122713K, committed 124160K, reserved 1163264K
  class space    used 16242K, committed 16832K, reserved 1048576K
}
Event: 2627.422 GC heap before
{Heap before GC invocations=59 (full 0):
 garbage-first heap   total 391168K, used 221367K [0x0000000080000000, 0x0000000100000000)
  region size 1024K, 19 young (19456K), 7 survivors (7168K)
 Metaspace       used 122731K, committed 124160K, reserved 1163264K
  class space    used 16243K, committed 16832K, reserved 1048576K
}
Event: 2627.691 GC heap after
{Heap after GC invocations=60 (full 0):
 garbage-first heap   total 391168K, used 208895K [0x0000000080000000, 0x0000000100000000)
  region size 1024K, 2 young (2048K), 2 survivors (2048K)
 Metaspace       used 122731K, committed 124160K, reserved 1163264K
  class space    used 16243K, committed 16832K, reserved 1048576K
}
Event: 2629.733 GC heap before
{Heap before GC invocations=60 (full 0):
 garbage-first heap   total 391168K, used 274431K [0x0000000080000000, 0x0000000100000000)
  region size 1024K, 67 young (68608K), 2 survivors (2048K)
 Metaspace       used 125841K, committed 126720K, reserved 1163264K
  class space    used 16657K, committed 17088K, reserved 1048576K
}
Event: 2629.753 GC heap after
{Heap after GC invocations=61 (full 0):
 garbage-first heap   total 391168K, used 214015K [0x0000000080000000, 0x0000000100000000)
  region size 1024K, 7 young (7168K), 7 survivors (7168K)
 Metaspace       used 125841K, committed 126720K, reserved 1163264K
  class space    used 16657K, committed 17088K, reserved 1048576K
}
Event: 2631.213 GC heap before
{Heap before GC invocations=62 (full 0):
 garbage-first heap   total 391168K, used 274431K [0x0000000080000000, 0x0000000100000000)
  region size 1024K, 58 young (59392K), 7 survivors (7168K)
 Metaspace       used 127393K, committed 128320K, reserved 1163264K
  class space    used 16793K, committed 17280K, reserved 1048576K
}
Event: 2631.291 GC heap after
{Heap after GC invocations=63 (full 0):
 garbage-first heap   total 391168K, used 236281K [0x0000000080000000, 0x0000000100000000)
  region size 1024K, 8 young (8192K), 8 survivors (8192K)
 Metaspace       used 127393K, committed 128320K, reserved 1163264K
  class space    used 16793K, committed 17280K, reserved 1048576K
}
Event: 2631.462 GC heap before
{Heap before GC invocations=63 (full 0):
 garbage-first heap   total 391168K, used 246521K [0x0000000080000000, 0x0000000100000000)
  region size 1024K, 19 young (19456K), 8 survivors (8192K)
 Metaspace       used 127480K, committed 128384K, reserved 1163264K
  class space    used 16804K, committed 17280K, reserved 1048576K
}
Event: 2631.500 GC heap after
{Heap after GC invocations=64 (full 0):
 garbage-first heap   total 391168K, used 233472K [0x0000000080000000, 0x0000000100000000)
  region size 1024K, 3 young (3072K), 3 survivors (3072K)
 Metaspace       used 127480K, committed 128384K, reserved 1163264K
  class space    used 16804K, committed 17280K, reserved 1048576K
}
Event: 2633.527 GC heap before
{Heap before GC invocations=64 (full 0):
 garbage-first heap   total 391168K, used 312320K [0x0000000080000000, 0x0000000100000000)
  region size 1024K, 81 young (82944K), 3 survivors (3072K)
 Metaspace       used 129442K, committed 130368K, reserved 1163264K
  class space    used 17055K, committed 17536K, reserved 1048576K
}

