# JRE version: OpenJDK Runtime Environment (17.0.6) (build 17.0.6+0-b2043.56-10027231)
# Java VM: OpenJDK 64-Bit Server VM (17.0.6+0-b2043.56-10027231, mixed mode, tiered, compressed oops, compressed class ptrs, g1 gc, windows-amd64)
GC Precious Log:
 CPUs: 4 total, 4 available
 Memory: 3499M
 Large Page Support: Disabled
 NUMA Support: Disabled
 Compressed Oops: Enabled (32-bit)
 Heap Region Size: 1M
 Heap Min Capacity: 8M
 Heap Initial Capacity: 56M
 Heap Max Capacity: 2G
 Pre-touch: Disabled
 Parallel Workers: 4
 Concurrent Workers: 1
 Concurrent Refinement Workers: 4
 Periodic GC: Disabled
Heap:
 garbage-first heap   total 194560K, used 107613K [0x0000000080000000, 0x0000000100000000)
  region size 1024K, 5 young (5120K), 5 survivors (5120K)
 Metaspace       used 104730K, committed 105536K, reserved 1146880K
  class space    used 14273K, committed 14656K, reserved 1048576K
GC Heap History (20 events):
Event: 13.764 GC heap after
{Heap after GC invocations=28 (full 0):
 garbage-first heap   total 194560K, used 54239K [0x0000000080000000, 0x0000000100000000)
  region size 1024K, 1 young (1024K), 1 survivors (1024K)
 Metaspace       used 60488K, committed 61056K, reserved 1105920K
  class space    used 8057K, committed 8320K, reserved 1048576K
}
Event: 16.360 GC heap before
{Heap before GC invocations=28 (full 0):
 garbage-first heap   total 194560K, used 156639K [0x0000000080000000, 0x0000000100000000)
  region size 1024K, 95 young (97280K), 1 survivors (1024K)
 Metaspace       used 71524K, committed 72128K, reserved 1114112K
  class space    used 9532K, committed 9792K, reserved 1048576K
}
Event: 16.372 GC heap after
{Heap after GC invocations=29 (full 0):
 garbage-first heap   total 194560K, used 61750K [0x0000000080000000, 0x0000000100000000)
  region size 1024K, 8 young (8192K), 8 survivors (8192K)
 Metaspace       used 71524K, committed 72128K, reserved 1114112K
  class space    used 9532K, committed 9792K, reserved 1048576K
}
Event: 17.972 GC heap before
{Heap before GC invocations=29 (full 0):
 garbage-first heap   total 194560K, used 145718K [0x0000000080000000, 0x0000000100000000)
  region size 1024K, 90 young (92160K), 8 survivors (8192K)
 Metaspace       used 79063K, committed 79680K, reserved 1122304K
  class space    used 10576K, committed 10880K, reserved 1048576K
}
Event: 17.988 GC heap after
{Heap after GC invocations=30 (full 0):
 garbage-first heap   total 194560K, used 68145K [0x0000000080000000, 0x0000000100000000)
  region size 1024K, 7 young (7168K), 7 survivors (7168K)
 Metaspace       used 79063K, committed 79680K, reserved 1122304K
  class space    used 10576K, committed 10880K, reserved 1048576K
}
Event: 19.919 GC heap before
{Heap before GC invocations=30 (full 0):
 garbage-first heap   total 194560K, used 149041K [0x0000000080000000, 0x0000000100000000)
  region size 1024K, 86 young (88064K), 7 survivors (7168K)
 Metaspace       used 87565K, committed 88128K, reserved 1130496K
  class space    used 11952K, committed 12224K, reserved 1048576K
}
Event: 19.938 GC heap after
{Heap after GC invocations=31 (full 0):
 garbage-first heap   total 194560K, used 74620K [0x0000000080000000, 0x0000000100000000)
  region size 1024K, 7 young (7168K), 7 survivors (7168K)
 Metaspace       used 87565K, committed 88128K, reserved 1130496K
  class space    used 11952K, committed 12224K, reserved 1048576K
}
Event: 21.898 GC heap before
{Heap before GC invocations=31 (full 0):
 garbage-first heap   total 194560K, used 153468K [0x0000000080000000, 0x0000000100000000)
  region size 1024K, 84 young (86016K), 7 survivors (7168K)
 Metaspace       used 93683K, committed 94336K, reserved 1130496K
  class space    used 12793K, committed 13120K, reserved 1048576K
}
Event: 21.918 GC heap after
{Heap after GC invocations=32 (full 0):
 garbage-first heap   total 194560K, used 82491K [0x0000000080000000, 0x0000000100000000)
  region size 1024K, 11 young (11264K), 11 survivors (11264K)
 Metaspace       used 93683K, committed 94336K, reserved 1130496K
  class space    used 12793K, committed 13120K, reserved 1048576K
}
Event: 23.459 GC heap before
{Heap before GC invocations=32 (full 0):
 garbage-first heap   total 194560K, used 155195K [0x0000000080000000, 0x0000000100000000)
  region size 1024K, 83 young (84992K), 11 survivors (11264K)
 Metaspace       used 95712K, committed 96320K, reserved 1138688K
  class space    used 13127K, committed 13440K, reserved 1048576K
}
Event: 23.487 GC heap after
{Heap after GC invocations=33 (full 0):
 garbage-first heap   total 194560K, used 92054K [0x0000000080000000, 0x0000000100000000)
  region size 1024K, 9 young (9216K), 9 survivors (9216K)
 Metaspace       used 95712K, committed 96320K, reserved 1138688K
  class space    used 13127K, committed 13440K, reserved 1048576K
}
Event: 25.591 GC heap before
{Heap before GC invocations=33 (full 0):
 garbage-first heap   total 194560K, used 156566K [0x0000000080000000, 0x0000000100000000)
  region size 1024K, 73 young (74752K), 9 survivors (9216K)
 Metaspace       used 96669K, committed 97344K, reserved 1138688K
  class space    used 13210K, committed 13504K, reserved 1048576K
}
Event: 25.639 GC heap after
{Heap after GC invocations=34 (full 0):
 garbage-first heap   total 194560K, used 98156K [0x0000000080000000, 0x0000000100000000)
  region size 1024K, 7 young (7168K), 7 survivors (7168K)
 Metaspace       used 96669K, committed 97344K, reserved 1138688K
  class space    used 13210K, committed 13504K, reserved 1048576K
}
Event: 26.296 GC heap before
{Heap before GC invocations=34 (full 0):
 garbage-first heap   total 194560K, used 124780K [0x0000000080000000, 0x0000000100000000)
  region size 1024K, 35 young (35840K), 7 survivors (7168K)
 Metaspace       used 98166K, committed 98816K, reserved 1138688K
  class space    used 13414K, committed 13696K, reserved 1048576K
}
Event: 26.311 GC heap after
{Heap after GC invocations=35 (full 0):
 garbage-first heap   total 194560K, used 100237K [0x0000000080000000, 0x0000000100000000)
  region size 1024K, 3 young (3072K), 3 survivors (3072K)
 Metaspace       used 98166K, committed 98816K, reserved 1138688K
  class space    used 13414K, committed 13696K, reserved 1048576K
}
Event: 30.051 GC heap before
{Heap before GC invocations=36 (full 0):
 garbage-first heap   total 194560K, used 158605K [0x0000000080000000, 0x0000000100000000)
  region size 1024K, 61 young (62464K), 3 survivors (3072K)
 Metaspace       used 100449K, committed 101056K, reserved 1138688K
  class space    used 13735K, committed 14016K, reserved 1048576K
}
Event: 30.064 GC heap after
{Heap after GC invocations=37 (full 0):
 garbage-first heap   total 194560K, used 103911K [0x0000000080000000, 0x0000000100000000)
  region size 1024K, 7 young (7168K), 7 survivors (7168K)
 Metaspace       used 100449K, committed 101056K, reserved 1138688K
  class space    used 13735K, committed 14016K, reserved 1048576K
}
Event: 30.165 GC heap before
{Heap before GC invocations=37 (full 0):
 garbage-first heap   total 194560K, used 105959K [0x0000000080000000, 0x0000000100000000)
  region size 1024K, 9 young (9216K), 7 survivors (7168K)
 Metaspace       used 100845K, committed 101568K, reserved 1138688K
  class space    used 13802K, committed 14144K, reserved 1048576K
}
Event: 30.178 GC heap after
{Heap after GC invocations=38 (full 0):
 garbage-first heap   total 194560K, used 103707K [0x0000000080000000, 0x0000000100000000)
  region size 1024K, 1 young (1024K), 1 survivors (1024K)
 Metaspace       used 100845K, committed 101568K, reserved 1138688K
  class space    used 13802K, committed 14144K, reserved 1048576K
}
Event: 57.677 GC heap before
{Heap before GC invocations=38 (full 0):
 garbage-first heap   total 194560K, used 163099K [0x0000000080000000, 0x0000000100000000)
  region size 1024K, 57 young (58368K), 1 survivors (1024K)
 Metaspace       used 104730K, committed 105536K, reserved 1146880K
  class space    used 14273K, committed 14656K, reserved 1048576K
}

