# JRE version: OpenJDK Runtime Environment (17.0.6) (build 17.0.6+0-b2043.56-10027231)
# Java VM: OpenJDK 64-Bit Server VM (17.0.6+0-b2043.56-10027231, mixed mode, tiered, compressed oops, compressed class ptrs, g1 gc, windows-amd64)
GC Precious Log:
 CPUs: 4 total, 4 available
 Memory: 3499M
 Large Page Support: Disabled
 NUMA Support: Disabled
 Compressed Oops: Enabled (32-bit)
 Heap Region Size: 1M
 Heap Min Capacity: 8M
 Heap Initial Capacity: 56M
 Heap Max Capacity: 2G
 Pre-touch: Disabled
 Parallel Workers: 4
 Concurrent Workers: 1
 Concurrent Refinement Workers: 4
 Periodic GC: Disabled
Heap:
 garbage-first heap   total 240640K, used 105696K [0x0000000080000000, 0x0000000100000000)
  region size 1024K, 5 young (5120K), 5 survivors (5120K)
 Metaspace       used 116143K, committed 116928K, reserved 1155072K
  class space    used 16109K, committed 16448K, reserved 1048576K
GC Heap History (20 events):
Event: 15.753 GC heap after
{Heap after GC invocations=24 (full 0):
 garbage-first heap   total 147456K, used 63688K [0x0000000080000000, 0x0000000100000000)
  region size 1024K, 5 young (5120K), 5 survivors (5120K)
 Metaspace       used 69109K, committed 69760K, reserved 1114112K
  class space    used 9173K, committed 9472K, reserved 1048576K
}
Event: 17.344 GC heap before
{Heap before GC invocations=24 (full 0):
 garbage-first heap   total 147456K, used 117960K [0x0000000080000000, 0x0000000100000000)
  region size 1024K, 58 young (59392K), 5 survivors (5120K)
 Metaspace       used 75389K, committed 75904K, reserved 1122304K
  class space    used 10051K, committed 10304K, reserved 1048576K
}
Event: 17.360 GC heap after
{Heap after GC invocations=25 (full 0):
 garbage-first heap   total 147456K, used 67797K [0x0000000080000000, 0x0000000100000000)
  region size 1024K, 4 young (4096K), 4 survivors (4096K)
 Metaspace       used 75389K, committed 75904K, reserved 1122304K
  class space    used 10051K, committed 10304K, reserved 1048576K
}
Event: 18.420 GC heap before
{Heap before GC invocations=25 (full 0):
 garbage-first heap   total 147456K, used 120021K [0x0000000080000000, 0x0000000100000000)
  region size 1024K, 54 young (55296K), 4 survivors (4096K)
 Metaspace       used 79516K, committed 80128K, reserved 1122304K
  class space    used 10667K, committed 10944K, reserved 1048576K
}
Event: 18.433 GC heap after
{Heap after GC invocations=26 (full 0):
 garbage-first heap   total 147456K, used 70584K [0x0000000080000000, 0x0000000100000000)
  region size 1024K, 7 young (7168K), 7 survivors (7168K)
 Metaspace       used 79516K, committed 80128K, reserved 1122304K
  class space    used 10667K, committed 10944K, reserved 1048576K
}
Event: 19.585 GC heap before
{Heap before GC invocations=26 (full 0):
 garbage-first heap   total 147456K, used 119736K [0x0000000080000000, 0x0000000100000000)
  region size 1024K, 55 young (56320K), 7 survivors (7168K)
 Metaspace       used 84972K, committed 85568K, reserved 1130496K
  class space    used 11578K, committed 11840K, reserved 1048576K
}
Event: 19.600 GC heap after
{Heap after GC invocations=27 (full 0):
 garbage-first heap   total 147456K, used 74056K [0x0000000080000000, 0x0000000100000000)
  region size 1024K, 7 young (7168K), 7 survivors (7168K)
 Metaspace       used 84972K, committed 85568K, reserved 1130496K
  class space    used 11578K, committed 11840K, reserved 1048576K
}
Event: 20.429 GC heap before
{Heap before GC invocations=27 (full 0):
 garbage-first heap   total 147456K, used 107848K [0x0000000080000000, 0x0000000100000000)
  region size 1024K, 41 young (41984K), 7 survivors (7168K)
 Metaspace       used 88555K, committed 89088K, reserved 1130496K
  class space    used 12081K, committed 12352K, reserved 1048576K
}
Event: 20.444 GC heap after
{Heap after GC invocations=28 (full 0):
 garbage-first heap   total 240640K, used 76680K [0x0000000080000000, 0x0000000100000000)
  region size 1024K, 6 young (6144K), 6 survivors (6144K)
 Metaspace       used 88555K, committed 89088K, reserved 1130496K
  class space    used 12081K, committed 12352K, reserved 1048576K
}
Event: 23.602 GC heap before
{Heap before GC invocations=29 (full 0):
 garbage-first heap   total 240640K, used 172936K [0x0000000080000000, 0x0000000100000000)
  region size 1024K, 101 young (103424K), 6 survivors (6144K)
 Metaspace       used 93762K, committed 94400K, reserved 1130496K
  class space    used 12799K, committed 13120K, reserved 1048576K
}
Event: 23.715 GC heap after
{Heap after GC invocations=30 (full 0):
 garbage-first heap   total 240640K, used 87187K [0x0000000080000000, 0x0000000100000000)
  region size 1024K, 13 young (13312K), 13 survivors (13312K)
 Metaspace       used 93762K, committed 94400K, reserved 1130496K
  class space    used 12799K, committed 13120K, reserved 1048576K
}
Event: 23.788 GC heap before
{Heap before GC invocations=30 (full 0):
 garbage-first heap   total 240640K, used 88211K [0x0000000080000000, 0x0000000100000000)
  region size 1024K, 14 young (14336K), 13 survivors (13312K)
 Metaspace       used 93824K, committed 94464K, reserved 1130496K
  class space    used 12811K, committed 13120K, reserved 1048576K
}
Event: 23.861 GC heap after
{Heap after GC invocations=31 (full 0):
 garbage-first heap   total 240640K, used 88818K [0x0000000080000000, 0x0000000100000000)
  region size 1024K, 2 young (2048K), 2 survivors (2048K)
 Metaspace       used 93824K, committed 94464K, reserved 1130496K
  class space    used 12811K, committed 13120K, reserved 1048576K
}
Event: 28.126 GC heap before
{Heap before GC invocations=31 (full 0):
 garbage-first heap   total 240640K, used 182002K [0x0000000080000000, 0x0000000100000000)
  region size 1024K, 94 young (96256K), 2 survivors (2048K)
 Metaspace       used 96272K, committed 96960K, reserved 1138688K
  class space    used 13166K, committed 13504K, reserved 1048576K
}
Event: 28.179 GC heap after
{Heap after GC invocations=32 (full 0):
 garbage-first heap   total 240640K, used 94519K [0x0000000080000000, 0x0000000100000000)
  region size 1024K, 8 young (8192K), 8 survivors (8192K)
 Metaspace       used 96272K, committed 96960K, reserved 1138688K
  class space    used 13166K, committed 13504K, reserved 1048576K
}
Event: 32.206 GC heap before
{Heap before GC invocations=33 (full 0):
 garbage-first heap   total 240640K, used 184631K [0x0000000080000000, 0x0000000100000000)
  region size 1024K, 97 young (99328K), 8 survivors (8192K)
 Metaspace       used 100818K, committed 101568K, reserved 1138688K
  class space    used 13769K, committed 14144K, reserved 1048576K
}
Event: 32.276 GC heap after
{Heap after GC invocations=34 (full 0):
 garbage-first heap   total 240640K, used 101515K [0x0000000080000000, 0x0000000100000000)
  region size 1024K, 7 young (7168K), 7 survivors (7168K)
 Metaspace       used 100818K, committed 101568K, reserved 1138688K
  class space    used 13769K, committed 14144K, reserved 1048576K
}
Event: 32.528 GC heap before
{Heap before GC invocations=34 (full 0):
 garbage-first heap   total 240640K, used 104587K [0x0000000080000000, 0x0000000100000000)
  region size 1024K, 11 young (11264K), 7 survivors (7168K)
 Metaspace       used 100846K, committed 101568K, reserved 1138688K
  class space    used 13773K, committed 14144K, reserved 1048576K
}
Event: 32.558 GC heap after
{Heap after GC invocations=35 (full 0):
 garbage-first heap   total 240640K, used 102736K [0x0000000080000000, 0x0000000100000000)
  region size 1024K, 2 young (2048K), 2 survivors (2048K)
 Metaspace       used 100846K, committed 101568K, reserved 1138688K
  class space    used 13773K, committed 14144K, reserved 1048576K
}
Event: 47.651 GC heap before
{Heap before GC invocations=35 (full 0):
 garbage-first heap   total 240640K, used 189776K [0x0000000080000000, 0x0000000100000000)
  region size 1024K, 87 young (89088K), 2 survivors (2048K)
 Metaspace       used 116143K, committed 116928K, reserved 1155072K
  class space    used 16109K, committed 16448K, reserved 1048576K
}

