# JRE version: OpenJDK Runtime Environment (17.0.6) (build 17.0.6+0-b2043.56-10027231)
# Java VM: OpenJDK 64-Bit Server VM (17.0.6+0-b2043.56-10027231, mixed mode, tiered, compressed oops, compressed class ptrs, g1 gc, windows-amd64)
GC Precious Log:
 CPUs: 4 total, 4 available
 Memory: 3499M
 Large Page Support: Disabled
 NUMA Support: Disabled
 Compressed Oops: Enabled (32-bit)
 Heap Region Size: 1M
 Heap Min Capacity: 8M
 Heap Initial Capacity: 56M
 Heap Max Capacity: 876M
 Pre-touch: Disabled
 Parallel Workers: 4
 Concurrent Workers: 1
 Concurrent Refinement Workers: 4
 Periodic GC: Disabled
Heap:
 garbage-first heap   total 122880K, used 58209K [0x00000000c9400000, 0x0000000100000000)
  region size 1024K, 1 young (1024K), 1 survivors (1024K)
 Metaspace       used 69472K, committed 69760K, reserved 1114112K
  class space    used 7999K, committed 8128K, reserved 1048576K
GC Heap History (20 events):
Event: 6.082 GC heap after
{Heap after GC invocations=11 (full 0):
 garbage-first heap   total 49152K, used 20546K [0x00000000c9400000, 0x0000000100000000)
  region size 1024K, 1 young (1024K), 1 survivors (1024K)
 Metaspace       used 43159K, committed 43456K, reserved 1089536K
  class space    used 5289K, committed 5440K, reserved 1048576K
}
Event: 6.682 GC heap before
{Heap before GC invocations=11 (full 0):
 garbage-first heap   total 49152K, used 37954K [0x00000000c9400000, 0x0000000100000000)
  region size 1024K, 17 young (17408K), 1 survivors (1024K)
 Metaspace       used 46095K, committed 46336K, reserved 1097728K
  class space    used 5656K, committed 5760K, reserved 1048576K
}
Event: 6.695 GC heap after
{Heap after GC invocations=12 (full 0):
 garbage-first heap   total 49152K, used 25367K [0x00000000c9400000, 0x0000000100000000)
  region size 1024K, 3 young (3072K), 3 survivors (3072K)
 Metaspace       used 46095K, committed 46336K, reserved 1097728K
  class space    used 5656K, committed 5760K, reserved 1048576K
}
Event: 6.850 GC heap before
{Heap before GC invocations=12 (full 0):
 garbage-first heap   total 49152K, used 29463K [0x00000000c9400000, 0x0000000100000000)
  region size 1024K, 9 young (9216K), 3 survivors (3072K)
 Metaspace       used 46412K, committed 46592K, reserved 1097728K
  class space    used 5675K, committed 5760K, reserved 1048576K
}
Event: 6.863 GC heap after
{Heap after GC invocations=13 (full 0):
 garbage-first heap   total 49152K, used 26686K [0x00000000c9400000, 0x0000000100000000)
  region size 1024K, 2 young (2048K), 2 survivors (2048K)
 Metaspace       used 46412K, committed 46592K, reserved 1097728K
  class space    used 5675K, committed 5760K, reserved 1048576K
}
Event: 6.964 GC heap before
{Heap before GC invocations=14 (full 0):
 garbage-first heap   total 56320K, used 36926K [0x00000000c9400000, 0x0000000100000000)
  region size 1024K, 12 young (12288K), 2 survivors (2048K)
 Metaspace       used 46451K, committed 46656K, reserved 1097728K
  class space    used 5675K, committed 5760K, reserved 1048576K
}
Event: 6.975 GC heap after
{Heap after GC invocations=15 (full 0):
 garbage-first heap   total 56320K, used 29558K [0x00000000c9400000, 0x0000000100000000)
  region size 1024K, 2 young (2048K), 2 survivors (2048K)
 Metaspace       used 46451K, committed 46656K, reserved 1097728K
  class space    used 5675K, committed 5760K, reserved 1048576K
}
Event: 6.978 GC heap before
{Heap before GC invocations=15 (full 0):
 garbage-first heap   total 56320K, used 30582K [0x00000000c9400000, 0x0000000100000000)
  region size 1024K, 3 young (3072K), 2 survivors (2048K)
 Metaspace       used 46451K, committed 46656K, reserved 1097728K
  class space    used 5675K, committed 5760K, reserved 1048576K
}
Event: 6.984 GC heap after
{Heap after GC invocations=16 (full 0):
 garbage-first heap   total 122880K, used 29790K [0x00000000c9400000, 0x0000000100000000)
  region size 1024K, 1 young (1024K), 1 survivors (1024K)
 Metaspace       used 46451K, committed 46656K, reserved 1097728K
  class space    used 5675K, committed 5760K, reserved 1048576K
}
Event: 9.276 GC heap before
{Heap before GC invocations=16 (full 0):
 garbage-first heap   total 122880K, used 80990K [0x00000000c9400000, 0x0000000100000000)
  region size 1024K, 51 young (52224K), 1 survivors (1024K)
 Metaspace       used 51813K, committed 52032K, reserved 1097728K
  class space    used 6193K, committed 6272K, reserved 1048576K
}
Event: 9.313 GC heap after
{Heap after GC invocations=17 (full 0):
 garbage-first heap   total 122880K, used 36277K [0x00000000c9400000, 0x0000000100000000)
  region size 1024K, 7 young (7168K), 7 survivors (7168K)
 Metaspace       used 51813K, committed 52032K, reserved 1097728K
  class space    used 6193K, committed 6272K, reserved 1048576K
}
Event: 10.270 GC heap before
{Heap before GC invocations=17 (full 0):
 garbage-first heap   total 122880K, used 85429K [0x00000000c9400000, 0x0000000100000000)
  region size 1024K, 55 young (56320K), 7 survivors (7168K)
 Metaspace       used 52529K, committed 52800K, reserved 1097728K
  class space    used 6238K, committed 6336K, reserved 1048576K
}
Event: 10.311 GC heap after
{Heap after GC invocations=18 (full 0):
 garbage-first heap   total 122880K, used 41787K [0x00000000c9400000, 0x0000000100000000)
  region size 1024K, 6 young (6144K), 6 survivors (6144K)
 Metaspace       used 52529K, committed 52800K, reserved 1097728K
  class space    used 6238K, committed 6336K, reserved 1048576K
}
Event: 11.648 GC heap before
{Heap before GC invocations=18 (full 0):
 garbage-first heap   total 122880K, used 87867K [0x00000000c9400000, 0x0000000100000000)
  region size 1024K, 51 young (52224K), 6 survivors (6144K)
 Metaspace       used 57982K, committed 58176K, reserved 1105920K
  class space    used 6835K, committed 6912K, reserved 1048576K
}
Event: 11.673 GC heap after
{Heap after GC invocations=19 (full 0):
 garbage-first heap   total 122880K, used 46489K [0x00000000c9400000, 0x0000000100000000)
  region size 1024K, 5 young (5120K), 5 survivors (5120K)
 Metaspace       used 57982K, committed 58176K, reserved 1105920K
  class space    used 6835K, committed 6912K, reserved 1048576K
}
Event: 12.966 GC heap before
{Heap before GC invocations=19 (full 0):
 garbage-first heap   total 122880K, used 91545K [0x00000000c9400000, 0x0000000100000000)
  region size 1024K, 49 young (50176K), 5 survivors (5120K)
 Metaspace       used 63704K, committed 63936K, reserved 1105920K
  class space    used 7428K, committed 7552K, reserved 1048576K
}
Event: 13.000 GC heap after
{Heap after GC invocations=20 (full 0):
 garbage-first heap   total 122880K, used 52088K [0x00000000c9400000, 0x0000000100000000)
  region size 1024K, 6 young (6144K), 6 survivors (6144K)
 Metaspace       used 63704K, committed 63936K, reserved 1105920K
  class space    used 7428K, committed 7552K, reserved 1048576K
}
Event: 13.845 GC heap before
{Heap before GC invocations=20 (full 0):
 garbage-first heap   total 122880K, used 93048K [0x00000000c9400000, 0x0000000100000000)
  region size 1024K, 46 young (47104K), 6 survivors (6144K)
 Metaspace       used 68655K, committed 68864K, reserved 1114112K
  class space    used 7920K, committed 8000K, reserved 1048576K
}
Event: 13.875 GC heap after
{Heap after GC invocations=21 (full 0):
 garbage-first heap   total 122880K, used 57162K [0x00000000c9400000, 0x0000000100000000)
  region size 1024K, 5 young (5120K), 5 survivors (5120K)
 Metaspace       used 68655K, committed 68864K, reserved 1114112K
  class space    used 7920K, committed 8000K, reserved 1048576K
}
Event: 14.238 GC heap before
{Heap before GC invocations=21 (full 0):
 garbage-first heap   total 122880K, used 95050K [0x00000000c9400000, 0x0000000100000000)
  region size 1024K, 42 young (43008K), 5 survivors (5120K)
 Metaspace       used 69472K, committed 69760K, reserved 1114112K
  class space    used 7999K, committed 8128K, reserved 1048576K
}

