# JRE version: OpenJDK Runtime Environment (17.0.6) (build 17.0.6+0-b2043.56-10027231)
# Java VM: OpenJDK 64-Bit Server VM (17.0.6+0-b2043.56-10027231, mixed mode, tiered, compressed oops, compressed class ptrs, g1 gc, windows-amd64)
GC Precious Log:
 CPUs: 4 total, 4 available
 Memory: 3499M
 Large Page Support: Disabled
 NUMA Support: Disabled
 Compressed Oops: Enabled (32-bit)
 Heap Region Size: 1M
 Heap Min Capacity: 8M
 Heap Initial Capacity: 56M
 Heap Max Capacity: 2G
 Pre-touch: Disabled
 Parallel Workers: 4
 Concurrent Workers: 1
 Concurrent Refinement Workers: 4
 Periodic GC: Disabled
Heap:
 garbage-first heap   total 208896K, used 121844K [0x0000000080000000, 0x0000000100000000)
  region size 1024K, 2 young (2048K), 2 survivors (2048K)
 Metaspace       used 109052K, committed 109696K, reserved 1146880K
  class space    used 13990K, committed 14272K, reserved 1048576K
GC Heap History (20 events):
Event: 11.215 GC heap after
{Heap after GC invocations=37 (full 0):
 garbage-first heap   total 152576K, used 89595K [0x0000000080000000, 0x0000000100000000)
  region size 1024K, 3 young (3072K), 3 survivors (3072K)
 Metaspace       used 72337K, committed 72960K, reserved 1114112K
  class space    used 9877K, committed 10176K, reserved 1048576K
}
Event: 11.775 GC heap before
{Heap before GC invocations=38 (full 0):
 garbage-first heap   total 173056K, used 129531K [0x0000000080000000, 0x0000000100000000)
  region size 1024K, 36 young (36864K), 3 survivors (3072K)
 Metaspace       used 76527K, committed 77184K, reserved 1122304K
  class space    used 10278K, committed 10560K, reserved 1048576K
}
Event: 11.783 GC heap after
{Heap after GC invocations=39 (full 0):
 garbage-first heap   total 173056K, used 98405K [0x0000000080000000, 0x0000000100000000)
  region size 1024K, 5 young (5120K), 5 survivors (5120K)
 Metaspace       used 76527K, committed 77184K, reserved 1122304K
  class space    used 10278K, committed 10560K, reserved 1048576K
}
Event: 12.532 GC heap before
{Heap before GC invocations=39 (full 0):
 garbage-first heap   total 173056K, used 138341K [0x0000000080000000, 0x0000000100000000)
  region size 1024K, 44 young (45056K), 5 survivors (5120K)
 Metaspace       used 81913K, committed 82560K, reserved 1122304K
  class space    used 10863K, committed 11136K, reserved 1048576K
}
Event: 12.544 GC heap after
{Heap after GC invocations=40 (full 0):
 garbage-first heap   total 207872K, used 101653K [0x0000000080000000, 0x0000000100000000)
  region size 1024K, 6 young (6144K), 6 survivors (6144K)
 Metaspace       used 81913K, committed 82560K, reserved 1122304K
  class space    used 10863K, committed 11136K, reserved 1048576K
}
Event: 13.516 GC heap before
{Heap before GC invocations=41 (full 0):
 garbage-first heap   total 207872K, used 162069K [0x0000000080000000, 0x0000000100000000)
  region size 1024K, 64 young (65536K), 6 survivors (6144K)
 Metaspace       used 87010K, committed 87616K, reserved 1130496K
  class space    used 11514K, committed 11776K, reserved 1048576K
}
Event: 13.535 GC heap after
{Heap after GC invocations=42 (full 0):
 garbage-first heap   total 207872K, used 104983K [0x0000000080000000, 0x0000000100000000)
  region size 1024K, 6 young (6144K), 6 survivors (6144K)
 Metaspace       used 87010K, committed 87616K, reserved 1130496K
  class space    used 11514K, committed 11776K, reserved 1048576K
}
Event: 13.611 GC heap before
{Heap before GC invocations=42 (full 0):
 garbage-first heap   total 207872K, used 109079K [0x0000000080000000, 0x0000000100000000)
  region size 1024K, 10 young (10240K), 6 survivors (6144K)
 Metaspace       used 87368K, committed 88000K, reserved 1130496K
  class space    used 11561K, committed 11840K, reserved 1048576K
}
Event: 13.619 GC heap after
{Heap after GC invocations=43 (full 0):
 garbage-first heap   total 207872K, used 105467K [0x0000000080000000, 0x0000000100000000)
  region size 1024K, 1 young (1024K), 1 survivors (1024K)
 Metaspace       used 87368K, committed 88000K, reserved 1130496K
  class space    used 11561K, committed 11840K, reserved 1048576K
}
Event: 14.995 GC heap before
{Heap before GC invocations=43 (full 0):
 garbage-first heap   total 207872K, used 168955K [0x0000000080000000, 0x0000000100000000)
  region size 1024K, 63 young (64512K), 1 survivors (1024K)
 Metaspace       used 92381K, committed 93056K, reserved 1130496K
  class space    used 12111K, committed 12416K, reserved 1048576K
}
Event: 15.004 GC heap after
{Heap after GC invocations=44 (full 0):
 garbage-first heap   total 207872K, used 108978K [0x0000000080000000, 0x0000000100000000)
  region size 1024K, 5 young (5120K), 5 survivors (5120K)
 Metaspace       used 92381K, committed 93056K, reserved 1130496K
  class space    used 12111K, committed 12416K, reserved 1048576K
}
Event: 16.814 GC heap before
{Heap before GC invocations=45 (full 0):
 garbage-first heap   total 207872K, used 169394K [0x0000000080000000, 0x0000000100000000)
  region size 1024K, 64 young (65536K), 5 survivors (5120K)
 Metaspace       used 99995K, committed 100672K, reserved 1138688K
  class space    used 12976K, committed 13248K, reserved 1048576K
}
Event: 16.825 GC heap after
{Heap after GC invocations=46 (full 0):
 garbage-first heap   total 207872K, used 112949K [0x0000000080000000, 0x0000000100000000)
  region size 1024K, 4 young (4096K), 4 survivors (4096K)
 Metaspace       used 99995K, committed 100672K, reserved 1138688K
  class space    used 12976K, committed 13248K, reserved 1048576K
}
Event: 16.977 GC heap before
{Heap before GC invocations=46 (full 0):
 garbage-first heap   total 207872K, used 118069K [0x0000000080000000, 0x0000000100000000)
  region size 1024K, 10 young (10240K), 4 survivors (4096K)
 Metaspace       used 101265K, committed 101888K, reserved 1138688K
  class space    used 13126K, committed 13376K, reserved 1048576K
}
Event: 16.983 GC heap after
{Heap after GC invocations=47 (full 0):
 garbage-first heap   total 207872K, used 113139K [0x0000000080000000, 0x0000000100000000)
  region size 1024K, 1 young (1024K), 1 survivors (1024K)
 Metaspace       used 101265K, committed 101888K, reserved 1138688K
  class space    used 13126K, committed 13376K, reserved 1048576K
}
Event: 18.612 GC heap before
{Heap before GC invocations=47 (full 0):
 garbage-first heap   total 207872K, used 171507K [0x0000000080000000, 0x0000000100000000)
  region size 1024K, 58 young (59392K), 1 survivors (1024K)
 Metaspace       used 108747K, committed 109376K, reserved 1146880K
  class space    used 13987K, committed 14272K, reserved 1048576K
}
Event: 18.622 GC heap after
{Heap after GC invocations=48 (full 0):
 garbage-first heap   total 207872K, used 116493K [0x0000000080000000, 0x0000000100000000)
  region size 1024K, 4 young (4096K), 4 survivors (4096K)
 Metaspace       used 108747K, committed 109376K, reserved 1146880K
  class space    used 13987K, committed 14272K, reserved 1048576K
}
Event: 19.150 GC heap before
{Heap before GC invocations=49 (full 0):
 garbage-first heap   total 208896K, used 173837K [0x0000000080000000, 0x0000000100000000)
  region size 1024K, 59 young (60416K), 4 survivors (4096K)
 Metaspace       used 109014K, committed 109632K, reserved 1146880K
  class space    used 13987K, committed 14272K, reserved 1048576K
}
Event: 19.161 GC heap after
{Heap after GC invocations=50 (full 0):
 garbage-first heap   total 208896K, used 120982K [0x0000000080000000, 0x0000000100000000)
  region size 1024K, 8 young (8192K), 8 survivors (8192K)
 Metaspace       used 109014K, committed 109632K, reserved 1146880K
  class space    used 13987K, committed 14272K, reserved 1048576K
}
Event: 19.202 GC heap before
{Heap before GC invocations=50 (full 0):
 garbage-first heap   total 208896K, used 123030K [0x0000000080000000, 0x0000000100000000)
  region size 1024K, 10 young (10240K), 8 survivors (8192K)
 Metaspace       used 109052K, committed 109696K, reserved 1146880K
  class space    used 13990K, committed 14272K, reserved 1048576K
}

