# JRE version: OpenJDK Runtime Environment (17.0.6) (build 17.0.6+0-b2043.56-10027231)
# Java VM: OpenJDK 64-Bit Server VM (17.0.6+0-b2043.56-10027231, mixed mode, tiered, compressed oops, compressed class ptrs, g1 gc, windows-amd64)
GC Precious Log:
 CPUs: 4 total, 4 available
 Memory: 3499M
 Large Page Support: Disabled
 NUMA Support: Disabled
 Compressed Oops: Enabled (32-bit)
 Heap Region Size: 1M
 Heap Min Capacity: 8M
 Heap Initial Capacity: 56M
 Heap Max Capacity: 2G
 Pre-touch: Disabled
 Parallel Workers: 4
 Concurrent Workers: 1
 Concurrent Refinement Workers: 4
 Periodic GC: Disabled
Heap:
 garbage-first heap   total 209920K, used 121553K [0x0000000080000000, 0x0000000100000000)
  region size 1024K, 5 young (5120K), 5 survivors (5120K)
 Metaspace       used 117299K, committed 118016K, reserved 1155072K
  class space    used 16178K, committed 16512K, reserved 1048576K
GC Heap History (20 events):
Event: 17.033 GC heap after
{Heap after GC invocations=37 (full 0):
 garbage-first heap   total 163840K, used 89088K [0x0000000080000000, 0x0000000100000000)
  region size 1024K, 6 young (6144K), 6 survivors (6144K)
 Metaspace       used 94923K, committed 95616K, reserved 1138688K
  class space    used 13029K, committed 13376K, reserved 1048576K
}
Event: 17.083 GC heap before
{Heap before GC invocations=37 (full 0):
 garbage-first heap   total 163840K, used 91136K [0x0000000080000000, 0x0000000100000000)
  region size 1024K, 8 young (8192K), 6 survivors (6144K)
 Metaspace       used 95058K, committed 95744K, reserved 1138688K
  class space    used 13052K, committed 13376K, reserved 1048576K
}
Event: 17.092 GC heap after
{Heap after GC invocations=38 (full 0):
 garbage-first heap   total 209920K, used 89588K [0x0000000080000000, 0x0000000100000000)
  region size 1024K, 1 young (1024K), 1 survivors (1024K)
 Metaspace       used 95058K, committed 95744K, reserved 1138688K
  class space    used 13052K, committed 13376K, reserved 1048576K
}
Event: 19.112 GC heap before
{Heap before GC invocations=38 (full 0):
 garbage-first heap   total 209920K, used 166388K [0x0000000080000000, 0x0000000100000000)
  region size 1024K, 77 young (78848K), 1 survivors (1024K)
 Metaspace       used 96190K, committed 96896K, reserved 1138688K
  class space    used 13183K, committed 13504K, reserved 1048576K
}
Event: 19.124 GC heap after
{Heap after GC invocations=39 (full 0):
 garbage-first heap   total 209920K, used 94960K [0x0000000080000000, 0x0000000100000000)
  region size 1024K, 7 young (7168K), 7 survivors (7168K)
 Metaspace       used 96190K, committed 96896K, reserved 1138688K
  class space    used 13183K, committed 13504K, reserved 1048576K
}
Event: 20.251 GC heap before
{Heap before GC invocations=39 (full 0):
 garbage-first heap   total 209920K, used 165616K [0x0000000080000000, 0x0000000100000000)
  region size 1024K, 76 young (77824K), 7 survivors (7168K)
 Metaspace       used 98251K, committed 98944K, reserved 1138688K
  class space    used 13384K, committed 13696K, reserved 1048576K
}
Event: 20.267 GC heap after
{Heap after GC invocations=40 (full 0):
 garbage-first heap   total 209920K, used 99419K [0x0000000080000000, 0x0000000100000000)
  region size 1024K, 5 young (5120K), 5 survivors (5120K)
 Metaspace       used 98251K, committed 98944K, reserved 1138688K
  class space    used 13384K, committed 13696K, reserved 1048576K
}
Event: 20.904 GC heap before
{Heap before GC invocations=40 (full 0):
 garbage-first heap   total 209920K, used 135259K [0x0000000080000000, 0x0000000100000000)
  region size 1024K, 41 young (41984K), 5 survivors (5120K)
 Metaspace       used 98788K, committed 99456K, reserved 1138688K
  class space    used 13440K, committed 13760K, reserved 1048576K
}
Event: 20.917 GC heap after
{Heap after GC invocations=41 (full 0):
 garbage-first heap   total 209920K, used 102876K [0x0000000080000000, 0x0000000100000000)
  region size 1024K, 8 young (8192K), 8 survivors (8192K)
 Metaspace       used 98788K, committed 99456K, reserved 1138688K
  class space    used 13440K, committed 13760K, reserved 1048576K
}
Event: 22.056 GC heap before
{Heap before GC invocations=42 (full 0):
 garbage-first heap   total 209920K, used 172508K [0x0000000080000000, 0x0000000100000000)
  region size 1024K, 75 young (76800K), 8 survivors (8192K)
 Metaspace       used 104327K, committed 105088K, reserved 1146880K
  class space    used 14220K, committed 14592K, reserved 1048576K
}
Event: 22.079 GC heap after
{Heap after GC invocations=43 (full 0):
 garbage-first heap   total 209920K, used 110180K [0x0000000080000000, 0x0000000100000000)
  region size 1024K, 10 young (10240K), 10 survivors (10240K)
 Metaspace       used 104327K, committed 105088K, reserved 1146880K
  class space    used 14220K, committed 14592K, reserved 1048576K
}
Event: 22.084 GC heap before
{Heap before GC invocations=43 (full 0):
 garbage-first heap   total 209920K, used 111204K [0x0000000080000000, 0x0000000100000000)
  region size 1024K, 11 young (11264K), 10 survivors (10240K)
 Metaspace       used 104340K, committed 105088K, reserved 1146880K
  class space    used 14223K, committed 14592K, reserved 1048576K
}
Event: 22.102 GC heap after
{Heap after GC invocations=44 (full 0):
 garbage-first heap   total 209920K, used 111660K [0x0000000080000000, 0x0000000100000000)
  region size 1024K, 2 young (2048K), 2 survivors (2048K)
 Metaspace       used 104340K, committed 105088K, reserved 1146880K
  class space    used 14223K, committed 14592K, reserved 1048576K
}
Event: 23.633 GC heap before
{Heap before GC invocations=44 (full 0):
 garbage-first heap   total 209920K, used 172076K [0x0000000080000000, 0x0000000100000000)
  region size 1024K, 60 young (61440K), 2 survivors (2048K)
 Metaspace       used 112386K, committed 113152K, reserved 1146880K
  class space    used 15488K, committed 15872K, reserved 1048576K
}
Event: 23.646 GC heap after
{Heap after GC invocations=45 (full 0):
 garbage-first heap   total 209920K, used 113721K [0x0000000080000000, 0x0000000100000000)
  region size 1024K, 4 young (4096K), 4 survivors (4096K)
 Metaspace       used 112386K, committed 113152K, reserved 1146880K
  class space    used 15488K, committed 15872K, reserved 1048576K
}
Event: 25.014 GC heap before
{Heap before GC invocations=46 (full 0):
 garbage-first heap   total 209920K, used 172089K [0x0000000080000000, 0x0000000100000000)
  region size 1024K, 62 young (63488K), 4 survivors (4096K)
 Metaspace       used 115803K, committed 116544K, reserved 1155072K
  class space    used 15956K, committed 16320K, reserved 1048576K
}
Event: 25.027 GC heap after
{Heap after GC invocations=47 (full 0):
 garbage-first heap   total 209920K, used 118119K [0x0000000080000000, 0x0000000100000000)
  region size 1024K, 8 young (8192K), 8 survivors (8192K)
 Metaspace       used 115803K, committed 116544K, reserved 1155072K
  class space    used 15956K, committed 16320K, reserved 1048576K
}
Event: 25.045 GC heap before
{Heap before GC invocations=47 (full 0):
 garbage-first heap   total 209920K, used 119143K [0x0000000080000000, 0x0000000100000000)
  region size 1024K, 10 young (10240K), 8 survivors (8192K)
 Metaspace       used 115812K, committed 116544K, reserved 1155072K
  class space    used 15956K, committed 16320K, reserved 1048576K
}
Event: 25.058 GC heap after
{Heap after GC invocations=48 (full 0):
 garbage-first heap   total 209920K, used 118070K [0x0000000080000000, 0x0000000100000000)
  region size 1024K, 1 young (1024K), 1 survivors (1024K)
 Metaspace       used 115812K, committed 116544K, reserved 1155072K
  class space    used 15956K, committed 16320K, reserved 1048576K
}
Event: 26.286 GC heap before
{Heap before GC invocations=48 (full 0):
 garbage-first heap   total 209920K, used 172342K [0x0000000080000000, 0x0000000100000000)
  region size 1024K, 54 young (55296K), 1 survivors (1024K)
 Metaspace       used 117299K, committed 118016K, reserved 1155072K
  class space    used 16178K, committed 16512K, reserved 1048576K
}

