# JRE version: OpenJDK Runtime Environment (17.0.6) (build 17.0.6+0-b2043.56-10027231)
# Java VM: OpenJDK 64-Bit Server VM (17.0.6+0-b2043.56-10027231, mixed mode, tiered, compressed oops, compressed class ptrs, g1 gc, windows-amd64)
GC Precious Log:
 CPUs: 4 total, 4 available
 Memory: 3499M
 Large Page Support: Disabled
 NUMA Support: Disabled
 Compressed Oops: Enabled (32-bit)
 Heap Region Size: 1M
 Heap Min Capacity: 8M
 Heap Initial Capacity: 56M
 Heap Max Capacity: 2G
 Pre-touch: Disabled
 Parallel Workers: 4
 Concurrent Workers: 1
 Concurrent Refinement Workers: 4
 Periodic GC: Disabled
Heap:
 garbage-first heap   total 406528K, used 180321K [0x0000000080000000, 0x0000000100000000)
  region size 1024K, 42 young (43008K), 2 survivors (2048K)
 Metaspace       used 131456K, committed 132544K, reserved 1163264K
  class space    used 17682K, committed 18176K, reserved 1048576K
GC Heap History (20 events):
Event: 35.323 GC heap before
{Heap before GC invocations=49 (full 0):
 garbage-first heap   total 406528K, used 343344K [0x0000000080000000, 0x0000000100000000)
  region size 1024K, 203 young (207872K), 5 survivors (5120K)
 Metaspace       used 106218K, committed 106944K, reserved 1146880K
  class space    used 14129K, committed 14464K, reserved 1048576K
}
Event: 35.361 GC heap after
{Heap after GC invocations=50 (full 0):
 garbage-first heap   total 406528K, used 133844K [0x0000000080000000, 0x0000000100000000)
  region size 1024K, 22 young (22528K), 22 survivors (22528K)
 Metaspace       used 106218K, committed 106944K, reserved 1146880K
  class space    used 14129K, committed 14464K, reserved 1048576K
}
Event: 35.378 GC heap before
{Heap before GC invocations=50 (full 0):
 garbage-first heap   total 406528K, used 134868K [0x0000000080000000, 0x0000000100000000)
  region size 1024K, 23 young (23552K), 22 survivors (22528K)
 Metaspace       used 106230K, committed 106944K, reserved 1146880K
  class space    used 14131K, committed 14464K, reserved 1048576K
}
Event: 35.413 GC heap after
{Heap after GC invocations=51 (full 0):
 garbage-first heap   total 406528K, used 135060K [0x0000000080000000, 0x0000000100000000)
  region size 1024K, 2 young (2048K), 2 survivors (2048K)
 Metaspace       used 106230K, committed 106944K, reserved 1146880K
  class space    used 14131K, committed 14464K, reserved 1048576K
}
Event: 42.836 GC heap before
{Heap before GC invocations=51 (full 0):
 garbage-first heap   total 406528K, used 291732K [0x0000000080000000, 0x0000000100000000)
  region size 1024K, 156 young (159744K), 2 survivors (2048K)
 Metaspace       used 108655K, committed 109376K, reserved 1146880K
  class space    used 14372K, committed 14720K, reserved 1048576K
}
Event: 42.862 GC heap after
{Heap after GC invocations=52 (full 0):
 garbage-first heap   total 406528K, used 143900K [0x0000000080000000, 0x0000000100000000)
  region size 1024K, 11 young (11264K), 11 survivors (11264K)
 Metaspace       used 108655K, committed 109376K, reserved 1146880K
  class space    used 14372K, committed 14720K, reserved 1048576K
}
Event: 100.839 GC heap before
{Heap before GC invocations=53 (full 0):
 garbage-first heap   total 406528K, used 317980K [0x0000000080000000, 0x0000000100000000)
  region size 1024K, 167 young (171008K), 11 survivors (11264K)
 Metaspace       used 112237K, committed 113024K, reserved 1146880K
  class space    used 14777K, committed 15168K, reserved 1048576K
}
Event: 101.132 GC heap after
{Heap after GC invocations=54 (full 0):
 garbage-first heap   total 406528K, used 135502K [0x0000000080000000, 0x0000000100000000)
  region size 1024K, 18 young (18432K), 18 survivors (18432K)
 Metaspace       used 112237K, committed 113024K, reserved 1146880K
  class space    used 14777K, committed 15168K, reserved 1048576K
}
Event: 101.173 GC heap before
{Heap before GC invocations=54 (full 0):
 garbage-first heap   total 406528K, used 136526K [0x0000000080000000, 0x0000000100000000)
  region size 1024K, 19 young (19456K), 18 survivors (18432K)
 Metaspace       used 112238K, committed 113024K, reserved 1146880K
  class space    used 14777K, committed 15168K, reserved 1048576K
}
Event: 101.586 GC heap after
{Heap after GC invocations=55 (full 0):
 garbage-first heap   total 406528K, used 129867K [0x0000000080000000, 0x0000000100000000)
  region size 1024K, 2 young (2048K), 2 survivors (2048K)
 Metaspace       used 112238K, committed 113024K, reserved 1146880K
  class space    used 14777K, committed 15168K, reserved 1048576K
}
Event: 107.817 GC heap before
{Heap before GC invocations=55 (full 0):
 garbage-first heap   total 406528K, used 188235K [0x0000000080000000, 0x0000000100000000)
  region size 1024K, 61 young (62464K), 2 survivors (2048K)
 Metaspace       used 112448K, committed 113280K, reserved 1146880K
  class space    used 14781K, committed 15168K, reserved 1048576K
}
Event: 107.890 GC heap after
{Heap after GC invocations=56 (full 0):
 garbage-first heap   total 406528K, used 133137K [0x0000000080000000, 0x0000000100000000)
  region size 1024K, 6 young (6144K), 6 survivors (6144K)
 Metaspace       used 112448K, committed 113280K, reserved 1146880K
  class space    used 14781K, committed 15168K, reserved 1048576K
}
Event: 140.485 GC heap before
{Heap before GC invocations=57 (full 0):
 garbage-first heap   total 406528K, used 219153K [0x0000000080000000, 0x0000000100000000)
  region size 1024K, 80 young (81920K), 6 survivors (6144K)
 Metaspace       used 112854K, committed 113728K, reserved 1155072K
  class space    used 14806K, committed 15232K, reserved 1048576K
}
Event: 140.630 GC heap after
{Heap after GC invocations=58 (full 0):
 garbage-first heap   total 406528K, used 138059K [0x0000000080000000, 0x0000000100000000)
  region size 1024K, 10 young (10240K), 10 survivors (10240K)
 Metaspace       used 112854K, committed 113728K, reserved 1155072K
  class space    used 14806K, committed 15232K, reserved 1048576K
}
Event: 141.109 GC heap before
{Heap before GC invocations=58 (full 0):
 garbage-first heap   total 406528K, used 147275K [0x0000000080000000, 0x0000000100000000)
  region size 1024K, 19 young (19456K), 10 survivors (10240K)
 Metaspace       used 112928K, committed 113856K, reserved 1155072K
  class space    used 14819K, committed 15296K, reserved 1048576K
}
Event: 141.228 GC heap after
{Heap after GC invocations=59 (full 0):
 garbage-first heap   total 406528K, used 128391K [0x0000000080000000, 0x0000000100000000)
  region size 1024K, 2 young (2048K), 2 survivors (2048K)
 Metaspace       used 112928K, committed 113856K, reserved 1155072K
  class space    used 14819K, committed 15296K, reserved 1048576K
}
Event: 356.041 GC heap before
{Heap before GC invocations=59 (full 0):
 garbage-first heap   total 406528K, used 269703K [0x0000000080000000, 0x0000000100000000)
  region size 1024K, 141 young (144384K), 2 survivors (2048K)
 Metaspace       used 120789K, committed 121856K, reserved 1155072K
  class space    used 15884K, committed 16384K, reserved 1048576K
}
Event: 356.590 GC heap after
{Heap after GC invocations=60 (full 0):
 garbage-first heap   total 406528K, used 141560K [0x0000000080000000, 0x0000000100000000)
  region size 1024K, 15 young (15360K), 15 survivors (15360K)
 Metaspace       used 120789K, committed 121856K, reserved 1155072K
  class space    used 15884K, committed 16384K, reserved 1048576K
}
Event: 357.411 GC heap before
{Heap before GC invocations=60 (full 0):
 garbage-first heap   total 406528K, used 144632K [0x0000000080000000, 0x0000000100000000)
  region size 1024K, 19 young (19456K), 15 survivors (15360K)
 Metaspace       used 121924K, committed 123008K, reserved 1163264K
  class space    used 16034K, committed 16576K, reserved 1048576K
}
Event: 357.539 GC heap after
{Heap after GC invocations=61 (full 0):
 garbage-first heap   total 406528K, used 143457K [0x0000000080000000, 0x0000000100000000)
  region size 1024K, 2 young (2048K), 2 survivors (2048K)
 Metaspace       used 121924K, committed 123008K, reserved 1163264K
  class space    used 16034K, committed 16576K, reserved 1048576K
}

