# JRE version: OpenJDK Runtime Environment (17.0.6) (build 17.0.6+0-b2043.56-10027231)
# Java VM: OpenJDK 64-Bit Server VM (17.0.6+0-b2043.56-10027231, mixed mode, tiered, compressed oops, compressed class ptrs, g1 gc, windows-amd64)
GC Precious Log:
 CPUs: 4 total, 4 available
 Memory: 3499M
 Large Page Support: Disabled
 NUMA Support: Disabled
 Compressed Oops: Enabled (32-bit)
 Heap Region Size: 1M
 Heap Min Capacity: 8M
 Heap Initial Capacity: 56M
 Heap Max Capacity: 2G
 Pre-touch: Disabled
 Parallel Workers: 4
 Concurrent Workers: 1
 Concurrent Refinement Workers: 4
 Periodic GC: Disabled
Heap:
 garbage-first heap   total 220160K, used 132528K [0x0000000080000000, 0x0000000100000000)
  region size 1024K, 4 young (4096K), 4 survivors (4096K)
 Metaspace       used 105933K, committed 106688K, reserved 1146880K
  class space    used 14106K, committed 14464K, reserved 1048576K
GC Heap History (20 events):
Event: 27.973 GC heap after
{Heap after GC invocations=39 (full 0):
 garbage-first heap   total 175104K, used 71865K [0x0000000080000000, 0x0000000100000000)
  region size 1024K, 6 young (6144K), 6 survivors (6144K)
 Metaspace       used 85352K, committed 85952K, reserved 1130496K
  class space    used 11626K, committed 11904K, reserved 1048576K
}
Event: 29.978 GC heap before
{Heap before GC invocations=39 (full 0):
 garbage-first heap   total 175104K, used 138425K [0x0000000080000000, 0x0000000100000000)
  region size 1024K, 71 young (72704K), 6 survivors (6144K)
 Metaspace       used 92591K, committed 93184K, reserved 1130496K
  class space    used 12642K, committed 12928K, reserved 1048576K
}
Event: 30.005 GC heap after
{Heap after GC invocations=40 (full 0):
 garbage-first heap   total 175104K, used 76786K [0x0000000080000000, 0x0000000100000000)
  region size 1024K, 9 young (9216K), 9 survivors (9216K)
 Metaspace       used 92591K, committed 93184K, reserved 1130496K
  class space    used 12642K, committed 12928K, reserved 1048576K
}
Event: 31.260 GC heap before
{Heap before GC invocations=40 (full 0):
 garbage-first heap   total 175104K, used 141298K [0x0000000080000000, 0x0000000100000000)
  region size 1024K, 72 young (73728K), 9 survivors (9216K)
 Metaspace       used 94260K, committed 94912K, reserved 1138688K
  class space    used 12897K, committed 13184K, reserved 1048576K
}
Event: 31.308 GC heap after
{Heap after GC invocations=41 (full 0):
 garbage-first heap   total 175104K, used 86160K [0x0000000080000000, 0x0000000100000000)
  region size 1024K, 9 young (9216K), 9 survivors (9216K)
 Metaspace       used 94260K, committed 94912K, reserved 1138688K
  class space    used 12897K, committed 13184K, reserved 1048576K
}
Event: 33.392 GC heap before
{Heap before GC invocations=41 (full 0):
 garbage-first heap   total 175104K, used 139408K [0x0000000080000000, 0x0000000100000000)
  region size 1024K, 61 young (62464K), 9 survivors (9216K)
 Metaspace       used 96568K, committed 97280K, reserved 1138688K
  class space    used 13183K, committed 13504K, reserved 1048576K
}
Event: 33.441 GC heap after
{Heap after GC invocations=42 (full 0):
 garbage-first heap   total 175104K, used 90959K [0x0000000080000000, 0x0000000100000000)
  region size 1024K, 5 young (5120K), 5 survivors (5120K)
 Metaspace       used 96568K, committed 97280K, reserved 1138688K
  class space    used 13183K, committed 13504K, reserved 1048576K
}
Event: 37.605 GC heap before
{Heap before GC invocations=42 (full 0):
 garbage-first heap   total 175104K, used 141135K [0x0000000080000000, 0x0000000100000000)
  region size 1024K, 55 young (56320K), 5 survivors (5120K)
 Metaspace       used 99871K, committed 100736K, reserved 1138688K
  class space    used 13583K, committed 14016K, reserved 1048576K
}
Event: 37.643 GC heap after
{Heap after GC invocations=43 (full 0):
 garbage-first heap   total 218112K, used 96148K [0x0000000080000000, 0x0000000100000000)
  region size 1024K, 6 young (6144K), 6 survivors (6144K)
 Metaspace       used 99871K, committed 100736K, reserved 1138688K
  class space    used 13583K, committed 14016K, reserved 1048576K
}
Event: 42.226 GC heap before
{Heap before GC invocations=44 (full 0):
 garbage-first heap   total 218112K, used 189332K [0x0000000080000000, 0x0000000100000000)
  region size 1024K, 81 young (82944K), 6 survivors (6144K)
 Metaspace       used 100671K, committed 101440K, reserved 1138688K
  class space    used 13650K, committed 14016K, reserved 1048576K
}
Event: 42.290 GC heap after
{Heap after GC invocations=45 (full 0):
 garbage-first heap   total 220160K, used 121815K [0x0000000080000000, 0x0000000100000000)
  region size 1024K, 11 young (11264K), 11 survivors (11264K)
 Metaspace       used 100671K, committed 101440K, reserved 1138688K
  class space    used 13650K, committed 14016K, reserved 1048576K
}
Event: 42.333 GC heap before
{Heap before GC invocations=45 (full 0):
 garbage-first heap   total 220160K, used 122839K [0x0000000080000000, 0x0000000100000000)
  region size 1024K, 12 young (12288K), 11 survivors (11264K)
 Metaspace       used 100674K, committed 101440K, reserved 1138688K
  class space    used 13650K, committed 14016K, reserved 1048576K
}
Event: 42.365 GC heap after
{Heap after GC invocations=46 (full 0):
 garbage-first heap   total 220160K, used 123392K [0x0000000080000000, 0x0000000100000000)
  region size 1024K, 1 young (1024K), 1 survivors (1024K)
 Metaspace       used 100674K, committed 101440K, reserved 1138688K
  class space    used 13650K, committed 14016K, reserved 1048576K
}
Event: 43.660 GC heap before
{Heap before GC invocations=46 (full 0):
 garbage-first heap   total 220160K, used 192000K [0x0000000080000000, 0x0000000100000000)
  region size 1024K, 52 young (53248K), 1 survivors (1024K)
 Metaspace       used 102702K, committed 103488K, reserved 1138688K
  class space    used 13816K, committed 14208K, reserved 1048576K
}
Event: 43.687 GC heap after
{Heap after GC invocations=47 (full 0):
 garbage-first heap   total 220160K, used 128747K [0x0000000080000000, 0x0000000100000000)
  region size 1024K, 7 young (7168K), 7 survivors (7168K)
 Metaspace       used 102702K, committed 103488K, reserved 1138688K
  class space    used 13816K, committed 14208K, reserved 1048576K
}
Event: 45.720 GC heap before
{Heap before GC invocations=48 (full 0):
 garbage-first heap   total 220160K, used 170731K [0x0000000080000000, 0x0000000100000000)
  region size 1024K, 54 young (55296K), 7 survivors (7168K)
 Metaspace       used 105237K, committed 106048K, reserved 1146880K
  class space    used 14038K, committed 14400K, reserved 1048576K
}
Event: 45.751 GC heap after
{Heap after GC invocations=49 (full 0):
 garbage-first heap   total 220160K, used 131533K [0x0000000080000000, 0x0000000100000000)
  region size 1024K, 7 young (7168K), 7 survivors (7168K)
 Metaspace       used 105237K, committed 106048K, reserved 1146880K
  class space    used 14038K, committed 14400K, reserved 1048576K
}
Event: 45.784 GC heap before
{Heap before GC invocations=49 (full 0):
 garbage-first heap   total 220160K, used 134605K [0x0000000080000000, 0x0000000100000000)
  region size 1024K, 10 young (10240K), 7 survivors (7168K)
 Metaspace       used 105276K, committed 106048K, reserved 1146880K
  class space    used 14041K, committed 14400K, reserved 1048576K
}
Event: 45.799 GC heap after
{Heap after GC invocations=50 (full 0):
 garbage-first heap   total 220160K, used 130522K [0x0000000080000000, 0x0000000100000000)
  region size 1024K, 2 young (2048K), 2 survivors (2048K)
 Metaspace       used 105276K, committed 106048K, reserved 1146880K
  class space    used 14041K, committed 14400K, reserved 1048576K
}
Event: 46.350 GC heap before
{Heap before GC invocations=50 (full 0):
 garbage-first heap   total 220160K, used 176602K [0x0000000080000000, 0x0000000100000000)
  region size 1024K, 48 young (49152K), 2 survivors (2048K)
 Metaspace       used 105933K, committed 106688K, reserved 1146880K
  class space    used 14106K, committed 14464K, reserved 1048576K
}

