# JRE version: OpenJDK Runtime Environment (17.0.6) (build 17.0.6+0-b2043.56-10027231)
# Java VM: OpenJDK 64-Bit Server VM (17.0.6+0-b2043.56-10027231, mixed mode, tiered, compressed oops, compressed class ptrs, g1 gc, windows-amd64)
GC Precious Log:
 CPUs: 4 total, 4 available
 Memory: 3499M
 Large Page Support: Disabled
 NUMA Support: Disabled
 Compressed Oops: Enabled (32-bit)
 Heap Region Size: 1M
 Heap Min Capacity: 8M
 Heap Initial Capacity: 56M
 Heap Max Capacity: 2G
 Pre-touch: Disabled
 Parallel Workers: 4
 Concurrent Workers: 1
 Concurrent Refinement Workers: 4
 Periodic GC: Disabled
Heap:
 garbage-first heap   total 217088K, used 107058K [0x0000000080000000, 0x0000000100000000)
  region size 1024K, 1 young (1024K), 1 survivors (1024K)
 Metaspace       used 88978K, committed 89536K, reserved 1130496K
  class space    used 11784K, committed 12032K, reserved 1048576K
GC Heap History (20 events):
Event: 7.589 GC heap after
{Heap after GC invocations=23 (full 0):
 garbage-first heap   total 119808K, used 68045K [0x0000000080000000, 0x0000000100000000)
  region size 1024K, 2 young (2048K), 2 survivors (2048K)
 Metaspace       used 49092K, committed 49600K, reserved 1097728K
  class space    used 6434K, committed 6656K, reserved 1048576K
}
Event: 8.006 GC heap before
{Heap before GC invocations=23 (full 0):
 garbage-first heap   total 119808K, used 91597K [0x0000000080000000, 0x0000000100000000)
  region size 1024K, 25 young (25600K), 2 survivors (2048K)
 Metaspace       used 51157K, committed 51648K, reserved 1097728K
  class space    used 6781K, committed 6976K, reserved 1048576K
}
Event: 8.011 GC heap after
{Heap after GC invocations=24 (full 0):
 garbage-first heap   total 165888K, used 69248K [0x0000000080000000, 0x0000000100000000)
  region size 1024K, 3 young (3072K), 3 survivors (3072K)
 Metaspace       used 51157K, committed 51648K, reserved 1097728K
  class space    used 6781K, committed 6976K, reserved 1048576K
}
Event: 9.113 GC heap before
{Heap before GC invocations=25 (full 0):
 garbage-first heap   total 165888K, used 120448K [0x0000000080000000, 0x0000000100000000)
  region size 1024K, 53 young (54272K), 3 survivors (3072K)
 Metaspace       used 58596K, committed 59072K, reserved 1105920K
  class space    used 7749K, committed 7936K, reserved 1048576K
}
Event: 9.124 GC heap after
{Heap after GC invocations=26 (full 0):
 garbage-first heap   total 165888K, used 71177K [0x0000000080000000, 0x0000000100000000)
  region size 1024K, 5 young (5120K), 5 survivors (5120K)
 Metaspace       used 58596K, committed 59072K, reserved 1105920K
  class space    used 7749K, committed 7936K, reserved 1048576K
}
Event: 10.216 GC heap before
{Heap before GC invocations=26 (full 0):
 garbage-first heap   total 165888K, used 126473K [0x0000000080000000, 0x0000000100000000)
  region size 1024K, 56 young (57344K), 5 survivors (5120K)
 Metaspace       used 68260K, committed 68928K, reserved 1114112K
  class space    used 9438K, committed 9728K, reserved 1048576K
}
Event: 10.231 GC heap after
{Heap after GC invocations=27 (full 0):
 garbage-first heap   total 165888K, used 76896K [0x0000000080000000, 0x0000000100000000)
  region size 1024K, 5 young (5120K), 5 survivors (5120K)
 Metaspace       used 68260K, committed 68928K, reserved 1114112K
  class space    used 9438K, committed 9728K, reserved 1048576K
}
Event: 10.843 GC heap before
{Heap before GC invocations=27 (full 0):
 garbage-first heap   total 165888K, used 139360K [0x0000000080000000, 0x0000000100000000)
  region size 1024K, 60 young (61440K), 5 survivors (5120K)
 Metaspace       used 71386K, committed 71936K, reserved 1114112K
  class space    used 9798K, committed 10048K, reserved 1048576K
}
Event: 10.880 GC heap after
{Heap after GC invocations=28 (full 0):
 garbage-first heap   total 165888K, used 86400K [0x0000000080000000, 0x0000000100000000)
  region size 1024K, 8 young (8192K), 8 survivors (8192K)
 Metaspace       used 71386K, committed 71936K, reserved 1114112K
  class space    used 9798K, committed 10048K, reserved 1048576K
}
Event: 11.053 GC heap before
{Heap before GC invocations=28 (full 0):
 garbage-first heap   total 165888K, used 97664K [0x0000000080000000, 0x0000000100000000)
  region size 1024K, 20 young (20480K), 8 survivors (8192K)
 Metaspace       used 72779K, committed 73344K, reserved 1114112K
  class space    used 9955K, committed 10240K, reserved 1048576K
}
Event: 11.071 GC heap after
{Heap after GC invocations=29 (full 0):
 garbage-first heap   total 165888K, used 89777K [0x0000000080000000, 0x0000000100000000)
  region size 1024K, 3 young (3072K), 3 survivors (3072K)
 Metaspace       used 72779K, committed 73344K, reserved 1114112K
  class space    used 9955K, committed 10240K, reserved 1048576K
}
Event: 11.809 GC heap before
{Heap before GC invocations=30 (full 0):
 garbage-first heap   total 173056K, used 139953K [0x0000000080000000, 0x0000000100000000)
  region size 1024K, 46 young (47104K), 3 survivors (3072K)
 Metaspace       used 78275K, committed 78912K, reserved 1122304K
  class space    used 10474K, committed 10752K, reserved 1048576K
}
Event: 11.818 GC heap after
{Heap after GC invocations=31 (full 0):
 garbage-first heap   total 173056K, used 100700K [0x0000000080000000, 0x0000000100000000)
  region size 1024K, 6 young (6144K), 6 survivors (6144K)
 Metaspace       used 78275K, committed 78912K, reserved 1122304K
  class space    used 10474K, committed 10752K, reserved 1048576K
}
Event: 12.501 GC heap before
{Heap before GC invocations=31 (full 0):
 garbage-first heap   total 173056K, used 141660K [0x0000000080000000, 0x0000000100000000)
  region size 1024K, 46 young (47104K), 6 survivors (6144K)
 Metaspace       used 83937K, committed 84608K, reserved 1122304K
  class space    used 11155K, committed 11456K, reserved 1048576K
}
Event: 12.516 GC heap after
{Heap after GC invocations=32 (full 0):
 garbage-first heap   total 173056K, used 103910K [0x0000000080000000, 0x0000000100000000)
  region size 1024K, 3 young (3072K), 3 survivors (3072K)
 Metaspace       used 83937K, committed 84608K, reserved 1122304K
  class space    used 11155K, committed 11456K, reserved 1048576K
}
Event: 12.926 GC heap before
{Heap before GC invocations=33 (full 0):
 garbage-first heap   total 183296K, used 120294K [0x0000000080000000, 0x0000000100000000)
  region size 1024K, 20 young (20480K), 3 survivors (3072K)
 Metaspace       used 86585K, committed 87168K, reserved 1130496K
  class space    used 11519K, committed 11776K, reserved 1048576K
}
Event: 12.933 GC heap after
{Heap after GC invocations=34 (full 0):
 garbage-first heap   total 183296K, used 104472K [0x0000000080000000, 0x0000000100000000)
  region size 1024K, 4 young (4096K), 4 survivors (4096K)
 Metaspace       used 86585K, committed 87168K, reserved 1130496K
  class space    used 11519K, committed 11776K, reserved 1048576K
}
Event: 13.523 GC heap before
{Heap before GC invocations=35 (full 0):
 garbage-first heap   total 217088K, used 151576K [0x0000000080000000, 0x0000000100000000)
  region size 1024K, 49 young (50176K), 4 survivors (4096K)
 Metaspace       used 88757K, committed 89344K, reserved 1130496K
  class space    used 11764K, committed 12032K, reserved 1048576K
}
Event: 13.548 GC heap after
{Heap after GC invocations=36 (full 0):
 garbage-first heap   total 217088K, used 107144K [0x0000000080000000, 0x0000000100000000)
  region size 1024K, 7 young (7168K), 7 survivors (7168K)
 Metaspace       used 88757K, committed 89344K, reserved 1130496K
  class space    used 11764K, committed 12032K, reserved 1048576K
}
Event: 13.644 GC heap before
{Heap before GC invocations=36 (full 0):
 garbage-first heap   total 217088K, used 110216K [0x0000000080000000, 0x0000000100000000)
  region size 1024K, 10 young (10240K), 7 survivors (7168K)
 Metaspace       used 88978K, committed 89536K, reserved 1130496K
  class space    used 11784K, committed 12032K, reserved 1048576K
}

